[    0.000000] Linux version 4.15.0-54-generic (buildd@lgw01-amd64-014) (gcc version 7.4.0 (Ubuntu 7.4.0-1ubuntu1~18.04.1)) #58-Ubuntu SMP Mon Jun 24 10:55:24 UTC 2019 (Ubuntu 4.15.0-54.58-generic 4.15.18)
[    0.000000] Command line: BOOT_IMAGE=/boot/vmlinuz-4.15.0-54-generic root=LABEL=cloudimg-rootfs ro console=tty1 console=ttyS0
[    0.000000] KERNEL supported cpus:
[    0.000000]   Intel GenuineIntel
[    0.000000]   AMD AuthenticAMD
[    0.000000]   Centaur CentaurHauls
[    0.000000] x86/fpu: Supporting XSAVE feature 0x001: 'x87 floating point registers'
[    0.000000] x86/fpu: Supporting XSAVE feature 0x002: 'SSE registers'
[    0.000000] x86/fpu: Supporting XSAVE feature 0x004: 'AVX registers'
[    0.000000] x86/fpu: xstate_offset[2]:  576, xstate_sizes[2]:  256
[    0.000000] x86/fpu: Enabled xstate features 0x7, context size is 832 bytes, using 'standard' format.
[    0.000000] e820: BIOS-provided physical RAM map:
[    0.000000] BIOS-e820: [mem 0x0000000000000000-0x000000000009fbff] usable
[    0.000000] BIOS-e820: [mem 0x000000000009fc00-0x000000000009ffff] reserved
[    0.000000] BIOS-e820: [mem 0x00000000000f0000-0x00000000000fffff] reserved
[    0.000000] BIOS-e820: [mem 0x0000000000100000-0x000000003ffeffff] usable
[    0.000000] BIOS-e820: [mem 0x000000003fff0000-0x000000003fffffff] ACPI data
[    0.000000] BIOS-e820: [mem 0x00000000fec00000-0x00000000fec00fff] reserved
[    0.000000] BIOS-e820: [mem 0x00000000fee00000-0x00000000fee00fff] reserved
[    0.000000] BIOS-e820: [mem 0x00000000fffc0000-0x00000000ffffffff] reserved
[    0.000000] NX (Execute Disable) protection: active
[    0.000000] SMBIOS 2.5 present.
[    0.000000] DMI: innotek GmbH VirtualBox/VirtualBox, BIOS VirtualBox 12/01/2006
[    0.000000] Hypervisor detected: KVM
[    0.000000] e820: last_pfn = 0x3fff0 max_arch_pfn = 0x400000000
[    0.000000] MTRR: Disabled
[    0.000000] x86/PAT: MTRRs disabled, skipping PAT initialization too.
[    0.000000] CPU MTRRs all blank - virtualized system.
[    0.000000] x86/PAT: Configuration [0-7]: WB  WT  UC- UC  WB  WT  UC- UC  
[    0.000000] found SMP MP-table at [mem 0x0009fff0-0x0009ffff] mapped at [        (ptrval)]
[    0.000000] Scanning 1 areas for low memory corruption
[    0.000000] RAMDISK: [mem 0x35a93000-0x36d40fff]
[    0.000000] ACPI: Early table checksum verification disabled
[    0.000000] ACPI: RSDP 0x00000000000E0000 000024 (v02 VBOX  )
[    0.000000] ACPI: XSDT 0x000000003FFF0030 00003C (v01 VBOX   VBOXXSDT 00000001 ASL  00000061)
[    0.000000] ACPI: FACP 0x000000003FFF00F0 0000F4 (v04 VBOX   VBOXFACP 00000001 ASL  00000061)
[    0.000000] ACPI: DSDT 0x000000003FFF0470 0021FF (v02 VBOX   VBOXBIOS 00000002 INTL 20180105)
[    0.000000] ACPI: FACS 0x000000003FFF0200 000040
[    0.000000] ACPI: FACS 0x000000003FFF0200 000040
[    0.000000] ACPI: APIC 0x000000003FFF0240 00005C (v02 VBOX   VBOXAPIC 00000001 ASL  00000061)
[    0.000000] ACPI: SSDT 0x000000003FFF02A0 0001CC (v01 VBOX   VBOXCPUT 00000002 INTL 20180105)
[    0.000000] No NUMA configuration found
[    0.000000] Faking a node at [mem 0x0000000000000000-0x000000003ffeffff]
[    0.000000] NODE_DATA(0) allocated [mem 0x3ffc5000-0x3ffeffff]
[    0.000000] kvm-clock: cpu 0, msr 0:3ff44001, primary cpu clock
[    0.000000] kvm-clock: Using msrs 4b564d01 and 4b564d00
[    0.000000] kvm-clock: using sched offset of 3354950415 cycles
[    0.000000] clocksource: kvm-clock: mask: 0xffffffffffffffff max_cycles: 0x1cd42e4dffb, max_idle_ns: 881590591483 ns
[    0.000000] Zone ranges:
[    0.000000]   DMA      [mem 0x0000000000001000-0x0000000000ffffff]
[    0.000000]   DMA32    [mem 0x0000000001000000-0x000000003ffeffff]
[    0.000000]   Normal   empty
[    0.000000]   Device   empty
[    0.000000] Movable zone start for each node
[    0.000000] Early memory node ranges
[    0.000000]   node   0: [mem 0x0000000000001000-0x000000000009efff]
[    0.000000]   node   0: [mem 0x0000000000100000-0x000000003ffeffff]
[    0.000000] Reserved but unavailable: 114 pages
[    0.000000] Initmem setup node 0 [mem 0x0000000000001000-0x000000003ffeffff]
[    0.000000] ACPI: PM-Timer IO Port: 0x4008
[    0.000000] IOAPIC[0]: apic_id 2, version 32, address 0xfec00000, GSI 0-23
[    0.000000] ACPI: INT_SRC_OVR (bus 0 bus_irq 0 global_irq 2 dfl dfl)
[    0.000000] ACPI: INT_SRC_OVR (bus 0 bus_irq 9 global_irq 9 low level)
[    0.000000] Using ACPI (MADT) for SMP configuration information
[    0.000000] smpboot: Allowing 2 CPUs, 0 hotplug CPUs
[    0.000000] PM: Registered nosave memory: [mem 0x00000000-0x00000fff]
[    0.000000] PM: Registered nosave memory: [mem 0x0009f000-0x0009ffff]
[    0.000000] PM: Registered nosave memory: [mem 0x000a0000-0x000effff]
[    0.000000] PM: Registered nosave memory: [mem 0x000f0000-0x000fffff]
[    0.000000] e820: [mem 0x40000000-0xfebfffff] available for PCI devices
[    0.000000] Booting paravirtualized kernel on KVM
[    0.000000] clocksource: refined-jiffies: mask: 0xffffffff max_cycles: 0xffffffff, max_idle_ns: 7645519600211568 ns
[    0.000000] random: get_random_bytes called from start_kernel+0x99/0x4fd with crng_init=0
[    0.000000] setup_percpu: NR_CPUS:8192 nr_cpumask_bits:2 nr_cpu_ids:2 nr_node_ids:1
[    0.000000] percpu: Embedded 46 pages/cpu @        (ptrval) s151552 r8192 d28672 u1048576
[    0.000000] PV qspinlock hash table entries: 256 (order: 0, 4096 bytes)
[    0.000000] Built 1 zonelists, mobility grouping on.  Total pages: 257913
[    0.000000] Policy zone: DMA32
[    0.000000] Kernel command line: BOOT_IMAGE=/boot/vmlinuz-4.15.0-54-generic root=LABEL=cloudimg-rootfs ro console=tty1 console=ttyS0
[    0.000000] Memory: 983456K/1048120K available (12300K kernel code, 2473K rwdata, 4272K rodata, 2408K init, 2416K bss, 64664K reserved, 0K cma-reserved)
[    0.000000] SLUB: HWalign=64, Order=0-3, MinObjects=0, CPUs=2, Nodes=1
[    0.000000] Kernel/User page tables isolation: enabled
[    0.000000] ftrace: allocating 39216 entries in 154 pages
[    0.004000] Hierarchical RCU implementation.
[    0.004000] 	RCU restricting CPUs from NR_CPUS=8192 to nr_cpu_ids=2.
[    0.004000] 	Tasks RCU enabled.
[    0.004000] RCU: Adjusting geometry for rcu_fanout_leaf=16, nr_cpu_ids=2
[    0.004000] NR_IRQS: 524544, nr_irqs: 440, preallocated irqs: 16
[    0.004000] Console: colour VGA+ 80x25
[    0.004000] console [tty1] enabled
[    0.004000] console [ttyS0] enabled
[    0.004000] ACPI: Core revision 20170831
[    0.004000] ACPI: 2 ACPI AML tables successfully acquired and loaded
[    0.004000] APIC: Switch to symmetric I/O mode setup
[    0.004000] x2apic enabled
[    0.004000] Switched APIC routing to physical x2apic.
[    0.004000] ..TIMER: vector=0x30 apic1=0 pin1=2 apic2=-1 pin2=-1
[    0.004007] tsc: Detected 2592.000 MHz processor
[    0.005011] Calibrating delay loop (skipped) preset value.. 5184.00 BogoMIPS (lpj=10368000)
[    0.008005] pid_max: default: 32768 minimum: 301
[    0.009017] Security Framework initialized
[    0.009922] Yama: becoming mindful.
[    0.010714] AppArmor: AppArmor initialized
[    0.012705] Dentry cache hash table entries: 131072 (order: 8, 1048576 bytes)
[    0.014261] Inode-cache hash table entries: 65536 (order: 7, 524288 bytes)
[    0.015639] Mount-cache hash table entries: 2048 (order: 2, 16384 bytes)
[    0.016010] Mountpoint-cache hash table entries: 2048 (order: 2, 16384 bytes)
[    0.017711] mce: CPU supports 0 MCE banks
[    0.018597] Last level iTLB entries: 4KB 64, 2MB 8, 4MB 8
[    0.020006] Last level dTLB entries: 4KB 64, 2MB 0, 4MB 0, 1GB 4
[    0.021258] Spectre V2 : Mitigation: Full generic retpoline
[    0.024005] Spectre V2 : Spectre v2 / SpectreRSB mitigation: Filling RSB on context switch
[    0.028007] Speculative Store Bypass: Vulnerable
[    0.029067] MDS: Vulnerable: Clear CPU buffers attempted, no microcode
[    0.032115] Freeing SMP alternatives memory: 36K
[    0.040000] smpboot: CPU0: Intel(R) Core(TM) i7-6500U CPU @ 2.50GHz (family: 0x6, model: 0x4e, stepping: 0x3)
[    0.040101] Performance Events: unsupported p6 CPU model 78 no PMU driver, software events only.
[    0.044059] Hierarchical SRCU implementation.
[    0.045726] NMI watchdog: Perf event create on CPU 0 failed with -2
[    0.046913] NMI watchdog: Perf NMI watchdog permanently disabled
[    0.048062] smp: Bringing up secondary CPUs ...
[    0.052104] x86: Booting SMP configuration:
[    0.056008] .... node  #0, CPUs:      #1
[    0.004000] kvm-clock: cpu 1, msr 0:3ff44041, secondary cpu clock
[    0.004000] mce: CPU supports 0 MCE banks
[    0.072025] smp: Brought up 1 node, 2 CPUs
[    0.072901] smpboot: Max logical packages: 1
[    0.073843] smpboot: Total of 2 processors activated (10368.00 BogoMIPS)
[    0.076198] devtmpfs: initialized
[    0.076824] x86/mm: Memory block size: 128MB
[    0.077948] evm: security.selinux
[    0.078694] evm: security.SMACK64
[    0.079426] evm: security.SMACK64EXEC
[    0.080006] evm: security.SMACK64TRANSMUTE
[    0.080899] evm: security.SMACK64MMAP
[    0.081715] evm: security.apparmor
[    0.082417] evm: security.ima
[    0.083100] evm: security.capability
[    0.084128] clocksource: jiffies: mask: 0xffffffff max_cycles: 0xffffffff, max_idle_ns: 7645041785100000 ns
[    0.085978] futex hash table entries: 512 (order: 3, 32768 bytes)
[    0.088083] pinctrl core: initialized pinctrl subsystem
[    0.089799] RTC time:  3:48:37, date: 07/21/19
[    0.092175] NET: Registered protocol family 16
[    0.093114] audit: initializing netlink subsys (disabled)
[    0.096052] audit: type=2000 audit(1563680921.491:1): state=initialized audit_enabled=0 res=1
[    0.097909] cpuidle: using governor ladder
[    0.100019] cpuidle: using governor menu
[    0.100931] ACPI: bus type PCI registered
[    0.101815] acpiphp: ACPI Hot Plug PCI Controller Driver version: 0.5
[    0.103236] PCI: Using configuration type 1 for base access
[    0.105389] HugeTLB registered 2.00 MiB page size, pre-allocated 0 pages
[    0.108107] ACPI: Added _OSI(Module Device)
[    0.110032] ACPI: Added _OSI(Processor Device)
[    0.112006] ACPI: Added _OSI(3.0 _SCP Extensions)
[    0.113913] ACPI: Added _OSI(Processor Aggregator Device)
[    0.114861] ACPI: Added _OSI(Linux-Dell-Video)
[    0.116006] ACPI: Added _OSI(Linux-Lenovo-NV-HDMI-Audio)
[    0.117129] ACPI: Added _OSI(Linux-HPI-Hybrid-Graphics)
[    0.120123] ACPI: Executed 1 blocks of module-level executable AML code
[    0.124882] ACPI: Interpreter enabled
[    0.125708] ACPI: (supports S0 S5)
[    0.126479] ACPI: Using IOAPIC for interrupt routing
[    0.127864] PCI: Using host bridge windows from ACPI; if necessary, use "pci=nocrs" and report a bug
[    0.128244] ACPI: Enabled 2 GPEs in block 00 to 07
[    0.140314] ACPI: PCI Root Bridge [PCI0] (domain 0000 [bus 00-ff])
[    0.142776] acpi PNP0A03:00: _OSC: OS supports [ASPM ClockPM Segments MSI]
[    0.144045] acpi PNP0A03:00: _OSC: not requesting OS control; OS requires [ExtendedConfig ASPM ClockPM MSI]
[    0.145972] acpi PNP0A03:00: fail to add MMCONFIG information, can't access extended PCI configuration space under this bridge.
[    0.148423] PCI host bridge to bus 0000:00
[    0.152007] pci_bus 0000:00: root bus resource [io  0x0000-0x0cf7 window]
[    0.153358] pci_bus 0000:00: root bus resource [io  0x0d00-0xffff window]
[    0.154728] pci_bus 0000:00: root bus resource [mem 0x000a0000-0x000bffff window]
[    0.156005] pci_bus 0000:00: root bus resource [mem 0x40000000-0xfdffffff window]
[    0.160007] pci_bus 0000:00: root bus resource [bus 00-ff]
[    0.168595] pci 0000:00:01.1: legacy IDE quirk: reg 0x10: [io  0x01f0-0x01f7]
[    0.172010] pci 0000:00:01.1: legacy IDE quirk: reg 0x14: [io  0x03f6]
[    0.176004] pci 0000:00:01.1: legacy IDE quirk: reg 0x18: [io  0x0170-0x0177]
[    0.180097] pci 0000:00:01.1: legacy IDE quirk: reg 0x1c: [io  0x0376]
[    0.198497] pci 0000:00:07.0: quirk: [io  0x4000-0x403f] claimed by PIIX4 ACPI
[    0.200019] pci 0000:00:07.0: quirk: [io  0x4100-0x410f] claimed by PIIX4 SMB
[    0.207816] ACPI: PCI Interrupt Link [LNKA] (IRQs 5 9 10 *11)
[    0.208537] ACPI: PCI Interrupt Link [LNKB] (IRQs 5 9 *10 11)
[    0.212239] ACPI: PCI Interrupt Link [LNKC] (IRQs 5 *9 10 11)
[    0.216205] ACPI: PCI Interrupt Link [LNKD] (IRQs 5 9 10 *11)
[    0.220444] SCSI subsystem initialized
[    0.221307] pci 0000:00:02.0: vgaarb: setting as boot VGA device
[    0.224000] pci 0000:00:02.0: vgaarb: VGA device added: decodes=io+mem,owns=io+mem,locks=none
[    0.224026] pci 0000:00:02.0: vgaarb: bridge control possible
[    0.228017] vgaarb: loaded
[    0.228649] ACPI: bus type USB registered
[    0.232061] usbcore: registered new interface driver usbfs
[    0.233336] usbcore: registered new interface driver hub
[    0.234608] usbcore: registered new device driver usb
[    0.236114] EDAC MC: Ver: 3.0.0
[    0.240294] PCI: Using ACPI for IRQ routing
[    0.244298] NetLabel: Initializing
[    0.245391] NetLabel:  domain hash size = 128
[    0.252007] NetLabel:  protocols = UNLABELED CIPSOv4 CALIPSO
[    0.254570] NetLabel:  unlabeled traffic allowed by default
[    0.256089] clocksource: Switched to clocksource kvm-clock
[    0.293511] VFS: Disk quotas dquot_6.6.0
[    0.294380] VFS: Dquot-cache hash table entries: 512 (order 0, 4096 bytes)
[    0.296878] AppArmor: AppArmor Filesystemnaed[  0338]npPnP ACPI init
  0.87] p:nPCP: found 3 devices
[    1.076349] clocksource: acpi_pm: mask: 0xffffff max_cycles: 0xffffff, max_idle_ns: 2085701024 ns
[    1.780] T:egtered protocol family 2

[    1.286114] TCP established hash table entries: 8192 (order: 4, 65536 bytes)
[  1.289474] TCP bind hash table entries: 8192 (order: 5, 131072 bytes)
[    1.340505] TCP: Hash tables configured (established 8192 bind 8192)
[    1.3487 U hh blenie 512 (order: 2, 16384 bytes)
[    1.690270] UDP-Lite hash table entries: 512 (order: 2, 16384 bytes)
[    1.691606] NET: Registered protocol family 1
[    1.692576] pci 0000:00:00.0: Limiting direct PCI/PCI transfers
[    1.693824] pci 0000:00:01.0: Activating ISA DMA hang workarounds
[    1.695103] pci 00000:.0Vio vice with shadowed ROM at [mem 0x000c0000-0x000dffff]
[    1.922717] Unpacking initramfs...

[    2.181153] Freeing initrd memory: 19128K
[    2.182388] clocksource: tsc: mask: 0xffffffffffffffff max_cycles: 0x255cb6cc5db, max_idle_ns: 440795203504 ns
[    2.184435] platform rtc_cmos: registered platform RTC device (no PNP device found)
[    2.186112] Scanning for low memory corruption every 60 seconds
[    2.193203] Initialise system trusted keyrings
[    2.200361] Key type blacklist registered
[    2.204780] workingset: timestamp_bits=36 max_order=18 bucket_order=0
[    2.207342] zbud: loaded
[    2.208628] squashfs: version 4.0 (2009/01/31) Phillip Lougher
[    2.212757] fuse init (API version 7.26)
[    2.222532] Key type asymmetric registered
[    2.223434] Asymmetric key parser 'x509' registered
[    2.224522] Block layer SCSI generic (bsg) driver version 0.4 loaded (major 246)
[    2.226165] io scheduler noop registered
[    2.227021] io scheduler deadline registered
[    2.227950] io scheduler cfq registered (default)
[    2.229303] ACPI: AC Adapter [AC] (off-line)
[    2.230279] input: Power Button as /devices/LNXSYSTM:00/LNXPWRBN:00/input/input0
[    2.231900] ACPI: Power Button [PWRF]
[    2.236703] input: Sleep Button as /devices/LNXSYSTM:00/LNXSLPBN:00/input/input1
[    2.243401] ACPI: Sleep Button [SLPF]
[    2.245203] ACPI: Battery Slot [BAT0] (battery present)
[    2.247372] Serial: 8250/16550 driver, 32 ports, IRQ sharing enabled
[    2.289068] 00:02: ttyS0 at I/O 0x3f8 (irq = 4, base_baud = 115200) is a 16550A
[    2.298660] Linux agpgart interface v0.103
[    2.306471] loop: module loaded
[    2.307869] scsi host0: ata_piix
[    2.308794] scsi host1: ata_piix
[    2.309709] ata1: PATA max UDMA/33 cmd 0x1f0 ctl 0x3f6 bmdma 0xd000 irq 14
[    2.311226] ata2: PATA max UDMA/33 cmd 0x170 ctl 0x376 bmdma 0xd008 irq 15
[    2.313021] libphy: Fixed MDIO Bus: probed
[    2.316858] tun: Universal TUN/TAP device driver, 1.6
[    2.353328] PPP generic driver version 2.4.2
[    2.354516] ehci_hcd: USB 2.0 'Enhanced' Host Controller (EHCI) Driver
[    2.355987] ehci-pci: EHCI PCI platform driver
[    2.362214] ehci-platform: EHCI generic platform driver
[    2.370015] ohci_hcd: USB 1.1 'Open' Host Controller (OHCI) Driver
[    2.371150] ohci-pci: OHCI PCI platform driver
[    2.372007] ohci-platform: OHCI generic platform driver
[    2.386777] uhci_hcd: USB Universal Host Controller Interface driver
[    2.394502] i8042: PNP: PS/2 Controller [PNP0303:PS2K,PNP0f03:PS2M] at 0x60,0x64 irq 1,12
[    2.407282] serio: i8042 KBD port at 0x60,0x64 irq 1
[    2.422009] serio: i8042 AUX port at 0x60,0x64 irq 12
[    2.423633] mousedev: PS/2 mouse device common for all mice
[    2.425897] input: AT Translated Set 2 keyboard as /devices/platform/i8042/serio0/input/input2
[    2.432124] rtc_cmos rtc_cmos: rtc core: registered rtc_cmos as rtc0
[    2.432189] rtc_cmos rtc_cmos: alarms up to one day, 114 bytes nvram
[    2.432201] i2c /dev entries driver
[    2.432263] device-mapper: uevent: version 1.0.3
[    2.432315] device-mapper: ioctl: 4.37.0-ioctl (2017-09-20) initialised: dm-devel@redhat.com
[    2.453277] ledtrig-cpu: registered to indicate activity on CPUs
[    2.455252] NET: Registered protocol family 10
[    2.469960] Segment Routing with IPv6
[    2.470871] NET: Registered protocol family 17
[    2.473372] Key type dns_resolver registered
[    2.477095] RAS: Correctable Errors collector initialized.
[    2.478326] sched_clock: Marking stable (2477027684, 0)->(3427642313, -950614629)
[    2.480557] registered taskstats version 1
[    2.481565] Loading compiled-in X.509 certificates
[    2.484658] Loaded X.509 cert 'Build time autogenerated kernel key: 1cc14bc8298a06d551159822c55fa35abd77a621'
[    2.486689] zswap: loaded using pool lzo/zbud
[    2.490761] Key type big_key registered
[    2.509423] Key type trusted registered
[    2.511896] Key type encrypted registered
[    2.512802] AppArmor: AppArmor sha1 policy hashing enabled
[    2.513811] ima: No TPM chip found, activating TPM-bypass! (rc=-19)
[    2.514915] ima: Allocated hash algorithm: sha1
[    2.515856] evm: HMAC attrs: 0x1
[    2.517055]   Magic number: 11:686:816
[    2.567124] rtc_cmos rtc_cmos: setting system clock to 2019-07-21 03:48:39 UTC (1563680919)
[    2.589964] BIOS EDD facility v0.16 2004-Jun-25, 0 devices found
[    2.592156] EDD information not available.
[    2.639636] Freeing unused kernel image memory: 2408K
[    2.708109] Write protecting the kernel read-only data: 20480k
[    2.728191] Freeing unused kernel image memory: 2008K
[    2.729595] Freeing unused kernel image memory: 1872K
[    2.736236] x86/mm: Checked W+X mappings: passed, no W+X pages found.
[    2.737621] x86/mm: Checking user space page tables
[    2.744222] x86/mm: Checked W+X mappings: passed, no W+X pages found.
Loading, please wait...
starting version 237
[    2.866684] e1000: Intel(R) PRO/1000 Network Driver - version 7.3.21-k8-NAPI
[    2.878762] e1000: Copyright (c) 1999-2006 Intel Corporation.
[    2.883880] AVX2 version of gcm_enc/dec engaged.
[    2.906832] AES CTR mode by8 optimization enabled
[    2.940269] Fusion MPT base driver 3.04.20
[    2.951063] Copyright (c) 1999-2008 LSI Corporation
[    2.959840] Fusion MPT SPI Host driver 3.04.20
[    3.089776] input: ImExPS/2 Generic Explorer Mouse as /devices/platform/i8042/serio1/input/input4
[    3.264514] e1000 0000:00:03.0 eth0: (PCI:33MHz:32-bit) 02:8e:15:2e:ea:07
[    3.857922] e1000 0000:00:03.0 eth0: Intel(R) PRO/1000 Network Connection
[    3.860265] mptbase: ioc0: Initiating bringup
[    3.860498] e1000 0000:00:03.0 enp0s3: renamed from eth0
[    3.960959] ioc0: LSI53C1030 A0: Capabilities={Initiator}
[    4.223957] scsi host2: ioc0: LSI53C1030 A0, FwRev=00000000h, Ports=1, MaxQ=256, IRQ=20
[    4.433836] scsi 2:0:0:0: Direct-Access     VBOX     HARDDISK         1.0  PQ: 0 ANSI: 5
[    4.480410] scsi target2:0:0: Beginning Domain Validation
[    4.504726] scsi target2:0:0: Domain Validation skipping write tests
[    4.507972] scsi target2:0:0: Ending Domain Validation
[    4.510161] scsi target2:0:0: asynchronous
[    4.512657] scsi 2:0:1:0: Direct-Access     VBOX     HARDDISK         1.0  PQ: 0 ANSI: 5
[    4.544270] scsi target2:0:1: Beginning Domain Validation
[    4.598392] random: fast init done
[    4.691942] scsi target2:0:1: Domain Validation skipping write tests
[    4.737766] scsi target2:0:1: Ending Domain Validation
[    4.739426] scsi target2:0:1: asynchronous
[    4.743819] random: systemd-udevd: uninitialized urandom read (16 bytes read)
[    4.748023] sd 2:0:0:0: Attached scsi generic sg0 type 0
[    4.748203] random: systemd-udevd: uninitialized urandom read (16 bytes read)
[    4.748232] sd 2:0:0:0: [sda] 20971520 512-byte logical blocks: (10.7 GB/10.0 GiB)
[    4.748271] random: systemd-udevd: uninitialized urandom read (16 bytes read)
[    4.748277] sd 2:0:0:0: [sda] Write Protect is off
[    4.748365] sd 2:0:0:0: [sda] Incomplete mode parameter data
[    4.748367] sd 2:0:0:0: [sda] Assuming drive cache: write through
[    4.749181]  sda: sda1
[    4.749618] sd 2:0:0:0: [sda] Attached SCSI disk
[    4.867729] sd 2:0:1:0: [sdb] 20480 512-byte logical blocks: (10.5 MB/10.0 MiB)
[    4.869347] sd 2:0:1:0: [sdb] Write Protect is off
[    4.869379] sd 2:0:1:0: Attached scsi generic sg1 type 0
[    4.887389] sd 2:0:1:0: [sdb] Incomplete mode parameter data
[    4.889299] sd 2:0:1:0: [sdb] Assuming drive cache: write through
[    4.892289] sd 2:0:1:0: [sdb] Attached SCSI disk
Begin: Loading essential drivers ... [    6.360024] raid6: sse2x1   gen() 10164 MB/s
[    6.412056] raid6: sse2x1   xor()  7580 MB/s
[    6.472056] raid6: sse2x2   gen() 12925 MB/s
[    6.520054] raid6: sse2x2   xor()  8702 MB/s
[    6.576067] raid6: sse2x4   gen() 14956 MB/s
[    6.628072] raid6: sse2x4   xor()  7675 MB/s
[    6.680051] raid6: avx2x1   gen() 20851 MB/s
[    6.732053] raid6: avx2x1   xor() 14668 MB/s
[    6.780080] raid6: avx2x2   gen() 20023 MB/s
[    6.832052] raid6: avx2x2   xor() 13541 MB/s
[    6.884048] raid6: avx2x4   gen() 29190 MB/s
[    6.948070] raid6: avx2x4   xor() 18351 MB/s
[    6.948898] raid6: using algorithm avx2x4 gen() 29190 MB/s
[    6.949882] raid6: .... xor() 18351 MB/s, rmw enabled
[    6.950765] raid6: using avx2x2 recovery algorithm
[    6.954085] xor: automatically using best checksumming function   avx       
[    6.958599] async_tx: api initialized (async)
done.
Begin: Running /scripts/init-premount ... done.
Begin: Mounting root file system ... Begin: Running /scripts/local-top ... done.
Begin: Running /scripts/local-premount ... [    7.006730] Btrfs loaded, crc32c=crc32c-intel
Scanning for Btrfs filesystems
done.
Warning: fsck no[    7.056487] EXT4-fs (sda1): mounted filesystem with ordered data mode. Opts: (null)
t present, so skipping root file system
done.
Begin: Running /scripts/local-bottom ... done.
Begin: Running /scripts/init-bottom ... done.
[    7.286558] ip_tables: (C) 2000-2006 Netfilter Core Team
[    7.309970] systemd[1]: systemd 237 running in system mode. (+PAM +AUDIT +SELINUX +IMA +APPARMOR +SMACK +SYSVINIT +UTMP +LIBCRYPTSETUP +GCRYPT +GNUTLS +ACL +XZ +LZ4 +SECCOMP +BLKID +ELFUTILS +KMOD -IDN2 +IDN -PCRE2 default-hierarchy=hybrid)
[    7.688393] systemd[1]: Detected virtualization oracle.
[    7.694785] systemd[1]: Detected architecture x86-64.

Welcome to [1mUbuntu 18.04.2 LTS[0m!

[    7.937023] systemd[1]: Set hostname to <ubuntu>.
[    8.110943] systemd[1]: Initializing machine ID from random generator.
[    8.190327] systemd[1]: Installed transient /etc/machine-id file.
[    8.716800] systemd[1]: Created slice System Slice.
[[0;32m  OK  [0m] Created slice System Slice.
[    8.726649] systemd[1]: Listening on /dev/initctl Compatibility Named Pipe.
[[0;32m  OK  [0m] Listening on /dev/initctl Compatibility Named Pipe.
[    8.730526] systemd[1]: Listening on LVM2 poll daemon socket.
[[0;32m  OK  [0m] Listening on LVM2 poll daemon socket.
[    8.744476] systemd[1]: Set up automount Arbitrary Executable File Formats File System Automount Point.
[[0;32m  OK  [0m] Set up automount Arbitrary Executab…rmats File System Automount Point.
[[0;32m  OK  [0m] Listening on Journal Audit Socket.
[[0;32m  OK  [0m] Listening on Journal Socket.
         Starting Set the console keyboard layout...
         Starting Remount Root and Kernel File Systems...
         Mounting Kernel Debug File System...
         Mounting POSIX Message Queue File System...
[[0;32m  OK  [0m] Listening on Syslog Socket.
[[0;32m  OK  [0m] Reached target Swap.
         Starting Load Kernel Mo[    8.842392] EXT4-fs (sda1): re-mounted. Opts: (null)
dules...
[[0;32m  OK  [0m] Listening on Device-mapper event daemon FIFOs.
[[0;32m  OK  [0m] Started Forward Password Requests to Wall Directory Watch.
         Starting Uncomplicated firewall...
[[0;32m  OK  [0m] Reached target System Time Synchronized.
[    8.893292] Loading iSCSI transport class v2.0-870.
[[0;32m  OK  [0[    8.900344] iscsi: registered transport (tcp)
m] Created slice system-serial\x2dgetty.slice.
[[0;32m  OK  [0m] Listening on Journal Socket (/dev/log).
         Mounting Huge Pages File System...
[[0;32m  OK  [0m] Created slice Us[    8.937566] iscsi: registered transport (iser)
er and Session Slice.
[[0;32m  OK  [0m] Reached target Slices.
[[0;32m  OK  [0m] Reached target User and Group Name Lookups.
[[0;32m  OK  [0m] Listening on LVM2 metadata daemon socket.
         Starting Create list of required st…ce nodes for the current kernel...
[[0;32m  OK  [0m] Listening on Network Service Netlink Socket.
         Starting Monitoring of LVM2 mirrors…ng dmeventd or progress polling...
[[0;32m  OK  [0m] Listening on udev Control Socket.
[[0;32m  OK  [0m] Listening on udev Kernel Socket.
         Starting udev Coldplug all Devices...
         Starting Journal Service...
[[0;32m  OK  [0m] Started Set the console keyboard layout.
[[0;32m  OK  [0m] Started Remount Root and Kernel File Systems.
[[0;32m  OK  [0m] Mounted Kernel Debug File System.
[[0;32m  OK  [0m] Mounted POSIX Message Queue File System.
[[0;32m  OK  [0m] Started Load Kernel Modules.
[[0;32m  OK  [0m] Started Uncomplicated firewall.
[[0;32m  OK  [0m] Mounted Huge Pages File System.
[[0;32m  OK  [0m] Started Create list of required sta…vice nodes for the current kernel.
[[0;32m  OK  [0m] Started LVM2 metadata daemon.
         Starting Create Static Device Nodes in /dev...
         Mounting Kernel Configuration File System...
         Starting Apply Kernel Variables...
         Mounting FUSE Control File System...
         Starting Load/Save Random Seed...
[[0;32m  OK  [0m] Started Journal Service.
[[0;32m  OK  [0m] Started Monitoring of LVM2 mirrors,…sing dmeventd or progress polling.
[[0;32m  OK  [0m] Started udev Coldplug all Devices.
[[0;32m  OK  [0m] Started Create Static Device Nodes in /dev.
[[0;32m  OK  [0m] Mounted Kernel Configuration File System.
[[0;32m  OK  [0m] Started Apply Kernel Variables.
[[0;32m  OK  [0m] Mounted FUSE Control File System.
[[0;32m  OK  [0m] Started Load/Save Random Seed.
         Starting udev Kernel Device Manager...
[[0;32m  OK  [0m] Reached target Local File Systems (Pre).
[[0;32m  OK  [0m] Reached target Local File Systems.
         Starting Tell Plymouth To Write Out Runtime Data...
         Starting AppArmor initialization...
         Starting Commit a transient machine-id on disk...
         Starting Set console font and keymap...
         Starting ebtables ruleset management...
         Starting Flush Journal to Persistent Storage...
[[0;32m  OK  [0m] Started udev Kernel Device Manager.
[[0;32m  OK  [0m] Started Dispatch Password Requests to Console Directory Watch.
[[0;32m  OK  [0m] Reached target Local Encrypted Volumes.
[[0;32m  OK  [0m] Started Tell Plymouth To Write Out Runtime Data.
[[0;32m  OK  [0m] Started Set console font and keymap.
[[0;32m  OK  [0m] Started Flush Journal to Persistent Storage.
         Starting Create Volatile Files and Directories...
[[0;32m  OK  [0m] Started Commit a transient machine-id on disk.
[[0;32m  OK  [0m] Started Create Volatile Files and Directories.
         Starting Update UTMP about System Boot/Shutdown...
[[0;32m  OK  [0m] Started ebtables ruleset management.
[[0;32m  OK  [0m] Started Update UTMP about System Boot/Shutdown.
[[0;32m  OK  [0m] Found device /dev/ttyS0.
[[0;32m  OK  [0m] Listening on Load/Save RF Kill Switch Status /dev/rfkill Watch.
[[0;32m  OK  [0m] Started AppArmor initialization.
         Starting Initial cloud-init job (pre-networking)...
[   11.454271] cloud-init[541]: Cloud-init v. 19.1-1-gbaa47854-0ubuntu1~18.04.1 running 'init-local' at Sun, 21 Jul 2019 03:48:47 +0000. Up 11.06 seconds.
[[0;32m  OK  [0m] Started Initial cloud-init job (pre-networking).
[[0;32m  OK  [0m] Reached target Network (Pre).
         Starting Network Service...
[[0;32m  OK  [0m] Started Network Service.
         Starting Wait for Network to be Configured...
         Starting Network Name Resolution...
[[0;32m  OK  [0m] Started Network Name Resolution.
[[0;32m  OK  [0m] Reached target Network.
[[0;32m  OK  [0m] Reached target Host and Network Name Lookups.
[[0;32m  OK  [0m] Started Wait for Network to be Configured.
         Starting Initial cloud-init job (metadata service crawler)...
[   14.014036] cloud-init[652]: Cloud-init v. 19.1-1-gbaa47854-0ubuntu1~18.04.1 running 'init' at Sun, 21 Jul 2019 03:48:50 +0000. Up 13.84 seconds.
[   14.032471] cloud-init[652]: ci-info: ++++++++++++++++++++++++++++++++++++++Net device info++++++++++++++++++++++++++++++++++++++
[   14.035491] cloud-init[652]: ci-info: +--------+------+----------------------------+---------------+--------+-------------------+
[   14.056430] cloud-init[652]: ci-info: | Device |  Up  |          Address           |      Mask     | Scope  |     Hw-Address    |
[   14.068863] cloud-init[652]: ci-info: +--------+------+----------------------------+---------------+--------+-------------------+
[   14.080422] cloud-init[652]: ci-info: | enp0s3 | True |         10.0.2.15          | 255.255.255.0 | global | 02:8e:15:2e:ea:07 |
[   14.085575] cloud-init[652]: ci-info: | enp0s3 | True | fe80::8e:15ff:fe2e:ea07/64 |       .       |  link  | 02:8e:15:2e:ea:07 |
[   14.091340] cloud-init[652]: ci-info: |   lo   | True |         127.0.0.1          |   255.0.0.0   |  host  |         .         |
[   14.096230] cloud-init[652]: ci-info: |   lo   | True |          ::1/128           |       .       |  host  |         .         |
[   14.110521] cloud-init[652]: ci-info: +--------+------+----------------------------+---------------+--------+-------------------+
[   14.132199] cloud-init[652]: ci-info: ++++++++++++++++++++++++++++Route IPv4 info+++++++++++++++++++++++++++++
[   14.149138] cloud-init[652]: ci-info: +-------+-------------+----------+-----------------+-----------+-------+
[   14.154252] cloud-init[652]: ci-info: | Route | Destination | Gateway  |     Genmask     | Interface | Flags |
[   14.155906] cloud-init[652]: ci-info: +-------+-------------+----------+-----------------+-----------+-------+
[   14.159509] cloud-init[652]: ci-info: |   0   |   0.0.0.0   | 10.0.2.2 |     0.0.0.0     |   enp0s3  |   UG  |
[   14.161220] cloud-init[652]: ci-info: |   1   |   10.0.2.0  | 0.0.0.0  |  255.255.255.0  |   enp0s3  |   U   |
[   14.162933] cloud-init[652]: ci-info: |   2   |   10.0.2.2  | 0.0.0.0  | 255.255.255.255 |   enp0s3  |   UH  |
[   14.168486] cloud-init[652]: ci-info: +-------+-------------+----------+-----------------+-----------+-------+
[   14.171697] cloud-init[652]: ci-info: +++++++++++++++++++Route IPv6 info+++++++++++++++++++
[   14.177206] cloud-init[652]: ci-info: +-------+-------------+---------+-----------+-------+
[   14.196340] cloud-init[652]: ci-info: | Route | Destination | Gateway | Interface | Flags |
[   14.226539] cloud-init[652]: ci-info: +-------+-------------+---------+-----------+-------+
[   14.238617] cloud-init[652]: ci-info: |   1   |  fe80::/64  |    ::   |   enp0s3  |   U   |
[   14.250038] cloud-init[652]: ci-info: |   3   |    local    |    ::   |   enp0s3  |   U   |
[   14.256591] cloud-init[652]: ci-info: |   4   |   ff00::/8  |    ::   |   enp0s3  |   U   |
[   14.260695] cloud-init[652]: ci-info: +-------+-------------+---------+-----------+-------+
[   14.831548] cloud-init[652]: Generating public/private rsa key pair.
[   14.849985] cloud-init[652]: Your identification has been saved in /etc/ssh/ssh_host_rsa_key.
[   14.852029] cloud-init[652]: Your public key has been saved in /etc/ssh/ssh_host_rsa_key.pub.
[   14.857982] cloud-init[652]: The key fingerprint is:
[   14.859823] cloud-init[652]: SHA256:Zuc5Bs/fpae7QWJIhO87N/b4PSNZLWLLyR/UlAoShEg root@ubuntu-bionic
[   14.864047] cloud-init[652]: The key's randomart image is:
[   14.865868] cloud-init[652]: +---[RSA 2048]----+
[   14.867395] cloud-init[652]: |    .E. o+.      |
[   14.868885] cloud-init[652]: |     . ....     .|
[   14.870416] cloud-init[652]: |         o..   ..|
[   14.874111] cloud-init[652]: |         .o.. .o |
[   14.876710] cloud-init[652]: |        S.o o.o o|
[   14.883829] cloud-init[652]: |       o *.oo+...|
[   14.885456] cloud-init[652]: |          B= +=..|
[   14.889108] cloud-init[652]: |         .ooO= O.|
[   14.891316] cloud-init[652]: |           +o=@=+|
[[0;32m  OK  [0m] Started Initial cloud-init job (metadata service crawler).
[   14.895162] [[0;32m  OK  [0m] Reached target Network is Online.
cloud-init[652]: +----[SHA256]-----+
         Starting Availability of block devices...
[   14.925022] [[0;32m  OK  [0m] Reached target Remote File Systems (Pre).
[[0;32m  OK  [0m] Reached target Remote File Systems.
[[0;32m  OK  [0m] Reached target Cloud-config availability.
[[0;32m  OK  [0m] Reached target System Initialization.
cloud-init[652]: Generating public/private dsa key pair.
[   14.928280] cloud-init[652]: Your identification has been saved in /etc/ssh/ssh_host_dsa_key.
[   14.928395] cloud-init[652]: Your public key has been saved in /etc/ssh/ssh_host_dsa_key.pub.
[[0;32m  OK  [0m] Started Daily apt download activities.
[   14.928507] cloud-init[652]: The key fingerprint is:
[[0;32m  OK  [0m] Started Message of the Day.
[   14.950358] cloud-init[652]: SHA256:Do8/XQ82QwsCcsV05yEaOekEm2WbJlUjnafDzgRAn3o root@ubuntu-bionic
[[0;32m  OK  [0m] Started ACPI Events Check.
[   14.965260] cloud-init[652]: The key's randomart image is:
         Starting LXD - unix socket.
[   14.978104] [cloud-init[0;32m  OK  [0m[652]: ] +---[DSA 1024]----+Listening on Open-iSCSI iscsid Socket.

[[0;32m  OK  [0m] Listening on D-Bus System Message Bus Socket.
[   15.000956] cloud-init[652]: |     .+*O==.o    |
[[0;32m  OK  [0m] Started Daily apt upgrade and clean activities.
[[0;32m  OK  [0m] Reached target Paths.
[   15.008365] cloud-init[652]: |    . oBBOo=..   |
         Starting Socket activation for snappy daemon.
[   15.017023] [[0;32m  OK  [0m] Started Daily Cleanup of Temporary Directories.
[[0;32m  OK  [0m] Listening on UUID daemon activation socket.
[[0;32m  OK  [0m] Listening on ACPID Listen Socket.
[[0;32m  OK  [0m] Started Discard unused blocks once a week.
[[0;32m  OK  [0m] Reached target Timers.
[[0;32m  OK  [0m] Started Availability of block devices.
[[0;32m  OK  [0m] Listening on LXD - unix socket.
[[0;32m  OK  [0m] Listening on Socket activation for snappy daemon.
[[0;32m  OK  [0m] Reached target Sockets.
[[0;32m  OK  [0m] Reached target Basic System.
cloud-init[652]: |     o++B+ o.    |
         Starting Pollinate to seed the pseudo random number generator...
[   15.049876] cloud-init[652]: |       +o * .    |
         Starting System Logging Service...
[   15.054437] cloud-init[652]: |      o E= + .   |
         Starting LSB: Record successful boot for GRUB...
[   15.072692] cloud-init[652]: |       *  o B    |[[0;32m  OK  [0m] Started D-Bus System Message Bus.

[   15.098767] cloud-init[652]: |      . o. o =   |
[   15.136271] cloud-init[652]: |       .. .   .  |
[   15.141967] cloud-init[652]: |        ..       |
[   15.144504] cloud-init[652]: +----[SHA256]-----+
[   15.148029] cloud-init[652]: Generating public/private ecdsa key pair.
[   15.151542] cloud-init[652]: Your identification has been saved in /etc/ssh/ssh_host_ecdsa_key.
[[0;32m  OK  [0m] Started Regular background program processing daemon.
[   15.160883] cloud-init[652]: Your public key has been saved in /etc/ssh/ssh_host_ecdsa_key.pub.
[   15.174099] cloud-init[652]: The key fingerprint is:
[   15.175421] cloud-init[652]: SHA256:PcipUQrTuZ33BTO1WOuT5bBp6447mRZeuq2Mby46xpQ root@ubuntu-bionic
[   15.177361] cloud-init[652]: The key's randomart image is:         Starting Dispatcher daemon for systemd-networkd...

[[0;32m  OK  [0m] Started FUSE filesystem for LXC.
[   15.182417] cloud-init[652]: +---[ECDSA 256]---+
[   15.209377] cloud-init[652]: |              o  |
         [   15.221852] Starting Login Service...cloud-init
[652]: |     . .     + o |
[   15.230091] cloud-init[652]: |    o o .   = + .|
[   15.232308] cloud-init[652]: |     o * =   = B |
[   15.247530] cloud-init[652]: |      + S.+   O .|
         [   15.253355] cloud-init[652]: |       oE. o.o.o |
[   15.253677] cloud-init[652]: |      .o   ..*.  |
[   15.254663] cloud-init[652]: |        + .oO+   |
[   15.254940] cloud-init[652]: |       ..o.*O*+  |
[   15.255148] cloud-init[652]: +----[SHA256]-----+
[   15.255352] cloud-init[652]: Generating public/private ed25519 key pair.
[   15.255578] cloud-init[652]: Your identification has been saved in /etc/ssh/ssh_host_ed25519_key.
[   15.255955] cloud-init[652]: Your public key has been saved in /etc/ssh/ssh_host_ed25519_key.pub.
[   15.256385] cloud-init[652]: The key fingerprint is:
[   15.256785] cloud-init[652]: SHA256:kA3kUZJm2SVImN/1qZbmJ0VpkTjXQO5qXUAxaMUV4Ew root@ubuntu-bionic
[   15.256998] cloud-init[652]: The key's randomart image is:
[   15.257193] cloud-init[652]: +--[ED25519 256]--+
[   15.257406] cloud-init[652]: |     =**o..*EBo. |
[   15.257856] cloud-init[652]: |    o.**..**=..  |
[   15.258080] cloud-init[652]: |     ++..o +=+   |
[   15.258296] cloud-init[652]: |      ...  .*.   |
[   15.258720] cloud-init[652]: |        S  =. .  |
[   15.258954] cloud-init[652]: |          =o..   |
[   15.259172] cloud-init[652]: |         +o..    |
[   15.259382] cloud-init[652]: |         .o .    |
[   15.260235] cloud-init[652]: |           o     |
[   15.260920] cloud-init[652]: +----[SHA256]-----+
Starting Snappy daemon...
         Starting Virtualbox guest utils...
         Starting Accounts Service...
         Starting Permit User Sessions...
[[0;32m  OK  [0m] Started Deferred execution scheduler.
         Starting LSB: automatic crash report generation...
[[0;32m  OK  [0m] Started irqbalance daemon.
         Starting LXD - container startup/shutdown...
[[0;32m  OK  [0m] Started System Logging Service.
[[0;32m  OK  [0m] Started Permit User Sessions.
[[0;32m  OK  [0m] Started Login Service.
[[0;32m  OK  [0m] Started Unattended Upgrades Shutdown.
         Starting Terminate Plymouth Boot Screen...
         Starting Hold until boot process finishes up...
[[0;32m  OK  [0m] Started Hold until boot process finishes up.
[[0;32m  OK  [0m] Started Terminate Plymouth Boot Screen.
         Starting Set console scheme...
[[0;32m  OK  [0m] Started Serial Getty on ttyS0.
[[0;32m  OK  [0m] Started Set console scheme.
[[0;32m  OK  [0m] Created slice system-getty.slice.
[[0;32m  OK  [0m] Started Getty on tty1.
[[0;32m  OK  [0m] Reached target Login Prompts.
         Starting Authorization Manager...
[[0;32m  OK  [0m] Started LSB: automatic crash report generation.
[[0;32m  OK  [0m] Started Authorization Manager.
[[0;32m  OK  [0m] Started Accounts Service.
[[0;32m  OK  [0m] Started LSB: Record successful boot for GRUB.
[[0;32m  OK  [0m] Started Virtualbox guest utils.
[[0;32m  OK  [0m] Started Dispatcher daemon for systemd-networkd.
[[0;32m  OK  [0m] Started LXD - container startup/shutdown.
[[0;32m  OK  [0m] Started Snappy daemon.
         Starting Wait until snapd is fully seeded...
[[0;32m  OK  [0m] Started Pollinate to seed the pseudo random number generator.
         Starting OpenBSD Secure Shell server...
[[0;32m  OK  [0m] Started OpenBSD Secure Shell server.
[[0;32m  OK  [0m] Created slice User Slice of vagrant.
         Starting User Manager for UID 1000...
[[0;32m  OK  [0m] Started Session 1 of user vagrant.
[[0;32m  OK  [0m] Started User Manager for UID 1000.

Ubuntu 18.04.2 LTS ubuntu-bionic ttyS0

ubuntu-bionic login: [   22.184347] cloud-init[1473]: Cloud-init v. 19.1-1-gbaa47854-0ubuntu1~18.04.1 running 'modules:config' at Sun, 21 Jul 2019 03:48:58 +0000. Up 21.78 seconds.
ci-info: no authorized ssh keys fingerprints found for user ubuntu.
<14>Jul 21 03:48:59 ec2: 
<14>Jul 21 03:48:59 ec2: #############################################################
<14>Jul 21 03:48:59 ec2: -----BEGIN SSH HOST KEY FINGERPRINTS-----
<14>Jul 21 03:48:59 ec2: 1024 SHA256:Do8/XQ82QwsCcsV05yEaOekEm2WbJlUjnafDzgRAn3o root@ubuntu-bionic (DSA)
<14>Jul 21 03:48:59 ec2: 256 SHA256:PcipUQrTuZ33BTO1WOuT5bBp6447mRZeuq2Mby46xpQ root@ubuntu-bionic (ECDSA)
<14>Jul 21 03:48:59 ec2: 256 SHA256:kA3kUZJm2SVImN/1qZbmJ0VpkTjXQO5qXUAxaMUV4Ew root@ubuntu-bionic (ED25519)
<14>Jul 21 03:48:59 ec2: 2048 SHA256:Zuc5Bs/fpae7QWJIhO87N/b4PSNZLWLLyR/UlAoShEg root@ubuntu-bionic (RSA)
<14>Jul 21 03:48:59 ec2: -----END SSH HOST KEY FINGERPRINTS-----
<14>Jul 21 03:48:59 ec2: #############################################################
-----BEGIN SSH HOST KEY KEYS-----
ecdsa-sha2-nistp256 AAAAE2VjZHNhLXNoYTItbmlzdHAyNTYAAAAIbmlzdHAyNTYAAABBBJbXOdVQSVDJO28DHKnzM/7WHwlzqfUwG1AsbEQGzZkt+EGJJHDp76xCaoq5BJn1vM5VvprOikqvp9TVjZ1Hn8A= root@ubuntu-bionic
ssh-ed25519 AAAAC3NzaC1lZDI1NTE5AAAAIOqyifB9qEyqkTY5/B9E+OW58fNxGjpD0/r/CZXpCJTI root@ubuntu-bionic
ssh-rsa AAAAB3NzaC1yc2EAAAADAQABAAABAQC979lHmrZOiruV814QShJSUtObuNyFKu79gCeKtDnrtzvk3Dxva5IjRPKhyng8A7YIcOEZdmJCAsiNoJxzis/AC0Ns0MINwDxuxTvoc4bgAqYrAdS/eTfuSZ6zuVNUiJs76S7q14v5OywGtM+SjOaI3K6NC2edRRzpYDqEgKNPe5aQGKYn95KmS07lnKt6Qc7JJYbN9KR4twHBeob5fBOStkqTPlViMy6ZTR8wCk+iZmgD6m0WoENwww4wtNEfQsGAqUeKWF1gEuzdMZCGpHdHHTVCGm/ugPgqNTjtbQvVnMMDK3hLHy3/KIx/tL2PtPRi/POSY0QzAhnLO9X48BGV root@ubuntu-bionic
-----END SSH HOST KEY KEYS-----
[   22.788932] cloud-init[1581]: Cloud-init v. 19.1-1-gbaa47854-0ubuntu1~18.04.1 running 'modules:final' at Sun, 21 Jul 2019 03:48:59 +0000. Up 22.63 seconds.
[   22.789070] cloud-init[1581]: ci-info: no authorized ssh keys fingerprints found for user ubuntu.
[   22.789123] cloud-init[1581]: Cloud-init v. 19.1-1-gbaa47854-0ubuntu1~18.04.1 finished at Sun, 21 Jul 2019 03:48:59 +0000. Datasource DataSourceNoCloud [seed=/dev/sdb][dsmode=net].  Up 22.77 seconds
[[0;32m  OK  [0m] Stopped target Timers.
   [[0;32m  OK  [0m] Stopped Wait until snapd is fully seeded.
         Stopping Availability of block devices...
         Stopping Unattended Upgrades Shutdown...
         Stopping FUSE filesystem for LXC...
[[0;32m  OK  [0m] Unmounted /var/lib/lxcfs.
[[0;32m  OK  [0m] Stopped System Logging Service.
[[0;32m  OK  [0m] Stopped Regular background program processing daemon.
[[0;32m  OK  [0m] Stopped Dispatcher daemon for systemd-networkd.
[[0;32m  OK  [0m] Stopped Accounts Service.
[[0;32m  OK  [0m] Stopped Deferred execution scheduler.
[[0;32m  OK  [0m] Stopped irqbalance daemon.
[[0;32m  OK  [0m] Stopped Unattended Upgrades Shutdown.
[[0;32m  OK  [0m] Stopped Serial Getty on ttyS0.
[[0;32m  OK  [0m] Stopped Getty on tty1.
[[0;32m  OK  [0m] Stopped Authorization Manager.
[[0;32m  OK  [0m] Stopped OpenBSD Secure Shell server.
[[0;32m  OK  [0m] Stopped Daemon for generating UUIDs.
[[0;32m  OK  [0m] Stopped User Manager for UID 1000.
[[0;32m  OK  [0m] Stopped D-Bus System Message Bus.
[[0;32m  OK  [0m] Stopped Availability of block devices.
[[0;32m  OK  [0m] Stopped FUSE filesystem for LXC.
[[0;32m  OK  [0m] Stopped Session 3 of user vagrant.
[[0;32m  OK  [0m] Stopped LXD - container startup/shutdown.
[[0;32m  OK  [0m] Removed slice User Slice of vagrant.
[[0;32m  OK  [0m] Removed slice system-getty.slice.
         Stopping Permit User Sessions...
[[0;32m  OK  [0m] Removed slice system-serial\x2dgetty.slice.
         Stopping Login Service...
[[0;32m  OK  [0m] Stopped Virtualbox guest utils.
[[0;32m  OK  [0m] Stopped LSB: automatic crash report generation.
[[0;32m  OK  [0m] Stopped LSB: Record successful boot for GRUB.
[[0;32m  OK  [0m] Stopped Permit User Sessions.
[[0;32m  OK  [0m] Unmounted /run/docker/netns/876c0dc0ffeb.
[[0;32m  OK  [0m] Unmounted /var/lib/docker/container…1eebecb1edfb10f115d031/mounts/shm.
[[0;32m  OK  [0m] Stopped target Remote File Systems.
[[0;32m  OK  [0m] Stopped target Remote File Systems (Pre).
[[0;32m  OK  [0m] Unmounted /var/lib/docker/overlay2/…2a6f61311af18dbaebaa3a9afb/merged.
[[0;32m  OK  [0m] Stopped Login Service.
[[0;32m  OK  [0m] Stopped Docker Application Container Engine.
         Stopping containerd container runtime...
[[0;32m  OK  [0m] Stopped target Network is Online.
[[0;32m  OK  [0m] Stopped target User and Group Name Lookups.
[[0;32m  OK  [0m] Stopped containerd container runtime.
[[0;32m  OK  [0m] Stopped A high performance web server and a reverse proxy server.
[[0;32m  OK  [0m] Stopped target Network.
         Stopping Network Name Resolution...
[[0;32m  OK  [0m] Stopped target Basic System.
[[0;32m  OK  [0m] Stopped target Paths.
[[0;32m  OK  [0m] Stopped ACPI Events Check.
[[0;32m  OK  [0m] Stopped target Sockets.
[[0;32m  OK  [0m] Closed ACPID Listen Socket.
[[0;32m  OK  [0m] Closed Docker Socket for the API.
[[0;32m  OK  [0m] Closed Syslog Socket.
[[0;32m  OK  [0m] Closed LXD - unix socket.
[[0;32m  OK  [0m] Closed Open-iSCSI iscsid Socket.
[[0;32m  OK  [0m] Closed Socket activation for snappy daemon.
[[0;32m  OK  [0m] Closed D-Bus System Message Bus Socket.
[[0;32m  OK  [0m] Closed UUID daemon activation socket.
[[0;32m  OK  [0m] Stopped target System Initialization.
[[0;32m  OK  [0m] Stopped target Local Encrypted Volumes.
[[0;32m  OK  [0m] Stopped Forward Password Requests to Wall Directory Watch.
[[0;32m  OK  [0m] Stopped Dispatch Password Requests to Console Directory Watch.
[[0;32m  OK  [0m] Stopped Initial cloud-init job (metadata service crawler).
[[0;32m  OK  [0m] Stopped Wait for Network to be Configured.
         Stopping Load/Save Random Seed...
[[0;32m  OK  [0m] Stopped Commit a transient machine-id on disk.
         Stopping Update UTMP about System Boot/Shutdown...
[[0;32m  OK  [0m] Stopped target Slices.
[[0;32m  OK  [0m] Removed slice User and Session Slice.
[[0;32m  OK  [0m] Stopped Network Name Resolution.
[[0;32m  OK  [0m] Stopped Load/Save Random Seed.
         Stopping Network Service...
[[0;32m  OK  [0m] Stopped Update UTMP about System Boot/Shutdown.
[[0;32m  OK  [0m] Stopped Network Service.
[[0;32m  OK  [0m] Stopped target Network (Pre).
[[0;32m  OK  [0m] Stopped Initial cloud-init job (pre-networking).
[[0;32m  OK  [0m] Stopped Apply Kernel Variables.
[[0;32m  OK  [0m] Stopped Load Kernel Modules.
[[0;32m  OK  [0m] Stopped Create Volatile Files and Directories.
[[0;32m  OK  [0m] Stopped target Local File Systems.
         Unmounting /vagrant...
         Unmounting /run/user/1000...
[[0;32m  OK  [0m] Unmounted /run/user/1000.
[[0;32m  OK  [0m] Unmounted /vagrant.
[[0;32m  OK  [0m] Reached target Unmount All Filesystems.
[[0;32m  OK  [0m] Stopped target Swap.
[[0;32m  OK  [0m] Stopped target Local File Systems (Pre).
[[0;32m  OK  [0m] Stopped Remount Root and Kernel File Systems.
[[0;32m  OK  [0m] Stopped Create Static Device Nodes in /dev.
[[0;32m  OK  [0m] Reached target Shutdown.
[[0;32m  OK  [0m] Reached target Final Step.
         Starting Reboot...
         Stopping Monitoring of LVM2 mirrors…ng dmeventd or progress polling...
[  301.163528] reboot: Restarting system
[    0.000000] Linux version 4.15.0-54-generic (buildd@lgw01-amd64-014) (gcc version 7.4.0 (Ubuntu 7.4.0-1ubuntu1~18.04.1)) #58-Ubuntu SMP Mon Jn 24 10:55:24 UTC 2019 (Ubuntu 4.15.0-54.58-generic 4.15.18)
[    0.000000] Comman line: BOOT_IMAGE=/boot/vmlinuz-4.15.0-54-generic root=LABEL=cloudimg-rootfs ro console=tty1 console=ttyS0
[    0.000000] KERNEL supported cpus:
[    0.00000]  Intel GenuineIntel
[    0.000000]   AMD AuthenticAMD
[    0.000000]   Centaur CentaurHauls
[    0.000000] x86/fpu: Supporting XSAVE feature 0x001: 'x87 floating point registers'
[    0.000000] x86/fpu: Supporting XSAVE feature 0x002: 'SSE registers'
[    0.000000] x86/fpu: Supporting XSAVE feature 0x004: 'AVX registers'
[    0.000000] x86/fpu: xstate_offset[2]:  576, xstate_sizes[2]:  256
[    0.000000] x86/fpu: Enabled xstate features 0x7, context size is 832 bytes, using 'standard' format.
[    0.000000] e820: BIOS-provided physical RAM map:
[    0.000000] BIOS-e820: [mem 0x0000000000000000-0x000000000009fbff] usable
[    0.000000] BIOS-e820: [mem 0x000000000009fc00-0x000000000009ffff] reserved
[    0.000000] BIOS-e820: [mem 0x00000000000f0000-0x00000000000fffff] reserved
[    0.000000] BIOS-e820: [mem 0x0000000000100000-0x000000003ffeffff] usable
[    0.000000] BIOS-e820: [mem 0x000000003fff0000-0x000000003fffffff] ACPI data
[    0.00000] BIOS-e820: [mem 0x00000000fec00000-0x00000000fec00fff] reserved
[    0.000000] BIOS-e820: [mem 0x00000000fee00000-0x00000000fee00fff] reserved
[    0.000000] BIOS-e820: [mem 0x00000000fffc0000-0x00000000ffffffff] reserved
[    0.000000] NX (Execute Disable) protection: active
[    0.00000] SMBIS 2.5 present.
[    0.000000] DMI: innotek GmbH VirtualBox/VirtualBox, BIOS VirtualBox 12/01/2006
[    0.000000] Hypervisordetected: KVM
[    0.000000]e820: last_pfn = 0x3fff0 max_arch_pfn = 0x400000000
[    0.000000] MTRR: Disabled
[    0.000000] x86/PAT: TRRs disabled, skipping PAT initialization too.
[    0.000000] CPU MTRRs all blank - virtualized system.
[    0.000000] x86/PAT: Configuration [0-7]: WB  WT  UC- UC  WB  WT  UC- UC  
[    0.000000] found SMP MP-tble at [mem 0x0009fff0-0x0009ffff] mapped at [        (ptrval)]
[    0.000000] Scanning 1 areas for low memory corruption
[    0.000000] RAMDISK: [mem 0x35a93000-0x36d40fff]
[    0.000000] ACPI: Early table ecksum eriicaion disabled
[    0.000000] ACPI: RSDP 0x00000000000E0000 000024(v02 VBOX  )
[    0.000000] ACPI: XSDT 0x000000003FFF0030 00003C (v01 VBOX   VBOXXSDT 00000001 ASL  00000061)
[    0.000000] ACPI: FACP 0x000000003FFF00F0 0000F4 (v04 VBOX   VBOXFACP 00000001 ASL  00000061)
[    0.000000] ACPI: DSDT 0x000000003FFF0470 0021FF (v02 VBOX   VBOXBIOS 00000002 INTL 20180105)
[    0.000000] ACPI: FACS 0x000000003FFF0200 000040
[    0.000000] ACPI: FACS 0x000000003FFF0200 000040
[    0.000000] ACPI: APIC 0x000000003FFF0240 00005C (v02 VBOX   VBOXAPIC 000001 ASL  00000061)
[    0.000000] ACPI: SSDT 0x000000003FFF02A0 0001CC (v01 VBOX   VBOXCPUT 00000002 INTL 20180105)
[    0.000000] No NUMA configuration found
[    0.000000] Faking a node at [mem 0x0000000000000000-0x000000003ffeffff]
[    0.000000] NODE_DATA(0) allocated [mem 0x3ffc5000-0x3ffeffff]
[    0.000000] kvm-clock: cpu 0, msr 0:3ff44001, primary cpu clock
[    0.000000] kvm-clock: Using msrs 4b564d01 and 4b564d00
[    0.000000] kvm-clock: using sched offset of 309395018456 cycles
[    0.000000] clocksource: kvm-clock: mask: 0xffffffffffffffff max_cycles: 0x1cd42e4dffb, max_idle_ns: 881590591483 ns
[    0.000000] Zone ranges:
[    0.000000]   DMA      [mem 0x0000000000001000-0x0000000000ffffff]
[    0.000000]   DMA32    [mem 0x0000000001000000-0x000000003ffeffff]
[    0.000000]   Normal   empty
[    0.000000]   Device   empty
[    0.000000] Movable zone start for each node
[    0.000000] Early memory node ranges
[    0.000000]   node   0: [mem 0x0000000000001000-0x000000000009efff]
[    0.000000]   node   0: [mem 0x0000000000100000-0x000000003ffeffff]
[    0.000000] Reserved but unavailable: 114 pages
[    0.000000] Initmem setup node 0 [mem 0x0000000000001000-0x000000003ffeffff]
[    0.000000] ACPI: PM-Timer IO Port: 0x4008
[    0.000000] IOAPIC[0]: apic_id 2, version 32, address 0xfec00000, GSI 0-23
[    0.000000] ACPI: INT_SRC_OVR (bus 0 bus_irq 0 global_irq 2 dfl dfl)
[    0.000000] ACPI: INT_SRC_OVR (bus 0 bus_irq 9 global_irq 9 low level)
[    0.000000] Using ACPI (MADT) for SMP configuration information
[    0.000000] smpboot: Allowing 2 CPUs, 0 hotplug CPUs
[    0.000000] PM: Registered nosave memory: [mem 0x00000000-0x00000fff]
[    0.000000] PM: Registered nosave memory: [mem 0x0009f000-0x0009ffff]
[    0.000000] PM: Registered nosave memory: [mem 0x000a0000-0x000effff]
[    0.000000] PM: Registered nosave memory: [mem 0x000f0000-0x000fffff]
[    0.000000] e820: [mem 0x40000000-0xfebfffff] available for PCI devices
[    0.000000] Booting paravirtualized kernel on KVM
[    0.000000] clocksource: refined-jiffies: mask: 0xffffffff max_cycles: 0xffffffff, max_idle_ns: 7645519600211568 ns
[    0.000000] random: get_random_bytes called from start_kernel+0x99/0x4fd with crng_init=0
[    0.000000] setup_percpu: NR_CPUS:8192 nr_cpumask_bits:2 nr_cpu_ids:2 nr_node_ids:1
[    0.000000] percpu: Embedded 46 pages/cpu @        (ptrval) s151552 r8192 d28672 u1048576
[    0.000000] PV qspinlock hash table entries: 256 (order: 0, 4096 bytes)
[    0.000000] Built 1 zonelists, mobility grouping on.  Total pages: 257913
[    0.000000] Policy zone: DMA32
[    0.000000] Kernel command line: BOOT_IMAGE=/boot/vmlinuz-4.15.0-54-generic root=LABEL=cloudimg-rootfs ro console=tty1 console=ttyS0
[    0.000000] Memory: 983456K/1048120K available (12300K kernel code, 2473K rwdata, 4272K rodata, 2408K init, 2416K bss, 64664K reserved, 0K cma-reserved)
[    0.000000] SLUB: HWalign=64, Order=0-3, MinObjects=0, CPUs=2, Nodes=1
[    0.000000] Kernel/User page tables isolation: enabled
[    0.000000] ftrace: allocating 39216 entries in 154 pages
[    0.004000] Hierarchical RCU implementation.
[    0.004000] 	RCUrestricting CPUs from NR_CPUS=8192 to nr_cpu_ids=2.
[    0.004000] 	Tasks RCU enabled.
[    0.004000] RCU: Adjusting geometry for rcu_fanout_leaf=16, nr_cpu_ids=2
[    0.004000] NR_IQS: 524544, nr_irqs: 440, preallocated irqs: 16
[    0.004000] Console: colour VGA+ 80x25
[    0.004000] console [tty1] enabled
[    0.004000] console [ttyS0] enabled
[    0.004000] ACPI: Core revision 20170831
[    0.004000] ACPI: 2 ACPI AML tables successfully acquired and loaded
[    0.004000] APIC: Switch to symmetric I/O mode setup
[    0.004000] x2apic enabled
[    0.004000] Switched APIC routing to physical x2apic.
[    0.004000] ..TIMER: vector=0x30 apic1=0 pin1=2 apic2=-1 pin2=-1
[    0.004006] tsc: Detected 2592.000 MHz processor
[    0.004904] Calibrating delay loop (skipped) preset value.. 5184.00 BogoMIPS (lpj=10368000)
[    0.008003] pid_max: default: 32768 minimum: 301
[    0.012042] Security Framework initialized
[    0.012871] Yama: becoming mindful.
[    0.013602] AppArmor: AppArmor initialized
[    0.016392] Dentry cache hash table entries: 131072 (order: 8, 1048576 bytes)
[    0.020084] Inode-cache hash table entries: 65536 (order: 7, 524288 bytes)
[    0.021404] Mount-cache hash table entries: 2048 (order: 2, 16384 bytes)
[    0.024019] Mountpoint-cache hash table entries: 2048 (order: 2, 16384 bytes)
[    0.025827] mce: CPU supports 0 MCE banks
[    0.028021] Last level iTLB entries: 4KB 64, 2MB 8, 4MB 8
[    0.032007] Last level dTLB entries: 4KB 64, 2MB 0, 4MB 0, 1GB 4
[    0.036008] Spectre V2 : Mitigation: Full generic retpoline
[    0.040001] Spectre V2 : Spectre v2 / SpectreRSB mitigation: Filling RSB on context switch
[    0.044005] Speculative Store Bypass: Vulnerable
[    0.048062] MDS: Vulnerable: Clear CPU buffers attempted, no microcode
[    0.049390] Freeing SMP alternatives memory: 36K
[    0.056000] smpboot: CPU0: Intel(R) Core(TM) i7-6500U CPU @ 2.50GHz (family: 0x6, model: 0x4e, stepping: 0x3)
[    0.056000] Performance Events: unsupported p6 CPU model 78 no PMU driver, software events only.
[    0.056064] Hierarchical SRCU implementation.
[    0.060649] NMI watchdog: Perf event create on CPU 0 failed with -2
[    0.064004] NMI watchdog: Perf NMI watchdog permanently disabled
[    0.068100] smp: Bringing up secondary CPUs ...
[    0.072124] x86: Booting SMP configuration:
[    0.076012] .... node  #0, CPUs:      #1
[    0.004000] kvm-clock: cpu 1, msr 0:3ff44041, secondary cpu clock
[    0.004000] mce: CPU supports 0 MCE banks
[    0.139291] smp: Brought up 1 node, 2 CPUs
[    0.140008] smpboot: Max logical packages: 1
[    0.140819] smpboot: Total of 2 processors activated (10368.00 BogoMIPS)
[    0.144116] devtmpfs: initialized
[    0.144924] x86/mm: Memory block size: 128MB
[    0.146067] evm: security.selinux
[    0.146845] evm: security.SMACK64
[    0.147614] evm: security.SMACK64EXEC
[    0.148007] evm: security.SMACK64TRANSMUTE
[    0.148921] evm: security.SMACK64MMAP
[    0.149763] evm: security.apparmor
[    0.150504] evm: security.ima
[    0.151207] evm: security.capability
[    0.152135] clocksource: jiffies: mask: 0xffffffff max_cycles: 0xffffffff, max_idle_ns: 7645041785100000 ns
[    0.156028] futex hash table entries: 512 (order: 3, 32768 bytes)
[    0.160095] pinctrl core: initialized pinctrl subsystem
[    0.164441] RTC time:  3:53:44, date: 07/21/19
[    0.168229] NET: Registered protocol family 16
[    0.172092] audit: initializing netlink subsys (disabled)
[    0.176051] audit: type=2000 audit(1563681533.667:1): state=initialized audit_enabled=0 res=1
[    0.240014] cpuidle: using governor ladder
[    0.244022] cpuidle: using governor menu
[    0.245222] ACPI: bus type PCI registered
[    0.246115] acpiphp: ACPI Hot Plug PCI Controller Driver version: 0.5
[    0.247614] PCI: Using configuration type 1 for base access
[    0.249073] HugeTLB registered 2.00 MiB page size, pre-allocated 0 pages
[    0.256009] ACPI: Added _OSI(Module Device)
[    0.257014] ACPI: Added _OSI(Processor Device)
[    0.258014] ACPI: Added _OSI(3.0 _SCP Extensions)
[    0.260006] ACPI: Added _OSI(Processor Aggregator Device)
[    0.261320] ACPI: Added _OSI(Linux-Dell-Video)
[    0.262327] ACPI: Added _OSI(Linux-Lenovo-NV-HDMI-Audio)
[    0.263573] ACPI: Added _OSI(Linux-HPI-Hybrid-Graphics)
[    0.264406] ACPI: Executed 1 blocks of module-level executable AML code
[    0.274785] ACPI: Interpreter enabled
[    0.276031] ACPI: (supports S0 S5)
[    0.278620] ACPI: Using IOAPIC for interrupt routing
[    0.280281] PCI: Using host bridge windows from ACPI; if necessary, use "pci=nocrs" and report a bug
[    0.284186] ACPI: Enabled 2 GPEs in block 00 to 07
[    0.292048] ACPI: PCI Root Bridge [PCI0] (domain 0000 [bus 00-ff])
[    0.293324] acpi PNP0A03:00: _OSC: OS supports [ASPM ClockPM Segments MSI]
[    0.294619] acpi PNP0A03:00: _OSC: not requesting OS control; OS requires [ExtendedConfig ASPM ClockPM MSI]
[    0.296019] acpi PNP0A03:00: fail to add MMCONFIG information, can't access extended PCI configuration space under this bridge.
[    0.300412] PCI host bridge to bus 0000:00
[    0.301252] pci_bus 0000:00: root bus resource [io  0x0000-0x0cf7 window]
[    0.304007] pci_bus 0000:00: root bus resource [io  0x0d00-0xffff window]
[    0.305272] pci_bus 0000:00: root bus resource [mem 0x000a0000-0x000bffff window]
[    0.308010] pci_bus 0000:00: root bus resource [mem 0x40000000-0xfdffffff window]
[    0.312007] pci_bus 0000:00: root bus resource [bus 00-ff]
[    0.317780] pci 0000:00:01.1: legacy IDE quirk: reg 0x10: [io  0x01f0-0x01f7]
[    0.320009] pci 0000:00:01.1: legacy IDE quirk: reg 0x14: [io  0x03f6]
[    0.324005] pci 0000:00:01.1: legacy IDE quirk: reg 0x18: [io  0x0170-0x0177]
[    0.328009] pci 0000:00:01.1: legacy IDE quirk: reg 0x1c: [io  0x0376]
[    0.353590] pci 0000:00:07.0: quirk: [io  0x4000-0x403f] claimed by PIIX4 ACPI
[    0.356062] pci 0000:00:07.0: quirk: [io  0x4100-0x410f] claimed by PIIX4 SMB
[    0.369739] ACPI: PCI Interrupt Link [LNKA] (IRQs 5 9 10 *11)
[    0.372514] ACPI: PCI Interrupt Link [LNKB] (IRQs 5 9 *10 11)
[    0.373844] ACPI: PCI Interrupt Link [LNKC] (IRQs 5 *9 10 11)
[    0.375219] ACPI: PCI Interrupt Link [LNKD] (IRQs 5 9 10 *11)
[    0.376594] SCSI subsystem initialized
[    0.377911] pci 0000:00:02.0: vgaarb: setting as boot VGA device
[    0.380000] pci 0000:00:02.0: vgaarb: VGA device added: decodes=io+mem,owns=io+mem,locks=none
[    0.380010] pci 0000:00:02.0: vgaarb: bridge control possible
[    0.381312] vgaarb: loaded
[    0.382048] ACPI: bus type USB registered
[    0.382985] usbcore: registered new interface driver usbfs
[    0.384017] usbcore: registered new interface driver hub
[    0.388045] usbcore: registered new device driver usb
[    0.392100] EDAC MC: Ver: 3.0.0
[    0.396328] PCI: Using ACPI for IRQ routing
[    0.400291] NetLabel: Initializing
[    0.404003] NetLabel:  domain hash size = 128
[    0.404851] NetLabel:  protocols = UNLABELED CIPSOv4 CALIPSO
[    0.408023] NetLabel:  unlabeled traffic allowed by default
[    0.412094] clocksource: Switched to clocksource kvm-clock
[    0.425469] VFS: Disk quotas dquot_6.6.0
[    0.443230] VFS: Dquot-cache hash table entries: 512 (order , 46 ytes)
[  0513] pAorAprm Fesyem Enable
[    1.072332] pnp: PnP ACPI init
[  179409] pnp: PnP ACPI: found3 devices

[    1.208549] clocksource: acpi_pm: mask: 0xffffff max_cycles: 0xffffff, max_idle_ns: 2085701024 ns
[    1.210311] NET: Registered protocol family 2
[    1.211651] TCP established hash table entries: 8192 (order: 4, 65536 bytes)
[    1.212893] TCP bind hash table entries: 8192 (order: 5, 131072 bytes)
[    1.224669] TCP: Hash tables configured (established 8192 bind 8192)
[    1.225923] UDP hash table entries: 512 (order: 2, 16384 bytes)
[    1.227159] UDP-Lite hash table entries: 512 (orde 216384 bytes)
[    1.324818] NET Rgistered protol mi 1
[  14997]ci00:00:00.0: Limiting direct PCPCI transfers
[    1.835285] pci 0000:00:01.0: Activating ISA DMA hang workarounds
[    1.836568] pci 0000:00:02.0: Video device with shadowed ROM at [mem 0x000c0000-0x000dffff]
[    8309] Unpacking initramfs...

[    2.204799] Freeing initrd memory: 19128K
[    2.216691] clocksource: tsc: mask: 0xffffffffffffffff max_cycles: 0x255cb6cc5db, max_idle_ns: 440795203504 ns
[    2.218887] platform rtc_cmos: registered platform RTC device (no PNP device found)
[    2.220754] Scanning for low memory corruption every 60 seconds
[    2.230515] Initialise system trusted keyrings
[    2.239008] Key type blacklist registered
[    2.240143] workingset: timestamp_bits=36 max_order=18 bucket_order=0
[    2.260408] zbud: loaded
[    2.274762] squashfs: version 4.0 (2009/01/31) Phillip Lougher
[    2.282081] fuse init (AI version 7.26)

[    2.311913] Key type asymmetric registered
[    2.320809] Asymmetric key parser 'x509' registered
[    2.321899] Block layer SCSI generic (bsg) driver version 0.4 loaded (major 246)
[    2.324060] io scheduler noop registered
[    2.330658] io scheduler deadline registered
[    2.332258] io scheduler cfq registered (default)
[    2.333500] ACPI: AC Adapter [AC] (off-line)
[    2.334413] input: Power Button as /devices/LNXSYSTM:00/LNXPWRBN:00/input/input0
[    2.335969] ACPI: Power Button [PWRF]
[    2.336850] input: Sleep Button as /devices/LNXSYSTM:00/LNXSLPBN:00/input/input1
[    2.338274] ACPI: Sleep Button [SLPF]
[    2.340928] ACPI: Battery Slot [BAT0] (battery present)
[    2.342197] Serial: 8250/16550 driver, 32 ports, IRQ sharing enabled
[    2.365854] 00:02: ttyS0 at I/O 0x3f8 (irq = 4, base_baud = 115200) is a 16550A
[    2.385868] Linux agpgart interface v0.103
[    2.401595] loop: module loaded
[    2.403665] scsi host0: ata_piix
[    2.410100] scsi host1: ata_piix
[    2.416236] ata1: PATA max UDMA/33 cmd 0x1f0 ctl 0x3f6 bmdma 0xd000 irq 14
[    2.422489] ata2: PATA max UDMA/33 cmd 0x170 ctl 0x376 bmdma 0xd008 irq 15
[    2.461131] libphy: Fixed MDIO Bus: probed
[    2.462851] tun: Universal TUN/TAP device driver, 1.6
[    2.464311] PPP generic driver version 2.4.2
[    2.468893] ehci_hcd: USB 2.0 'Enhanced' Host Controller (EHCI) Driver
[    2.470324] ehci-pci: EHCI PCI platform driver
[    2.471362] ehci-platform: EHCI generic platform driver
[    2.477877] ohci_hcd: USB 1.1 'Open' Host Controller (OHCI) Driver
[    2.479269] ohci-pci: OHCI PCI platform driver
[    2.480291] ohci-platform: OHCI generic platform driver
[    2.481376] uhci_hcd: USB Universal Host Controller Interface driver
[    2.482617] i8042: PNP: PS/2 Controller [PNP0303:PS2K,PNP0f03:PS2M] at 0x60,0x64 irq 1,12
[    2.502467] serio: i8042 KBD port at 0x60,0x64 irq 1
[    2.503484] serio: i8042 AUX port at 0x60,0x64 irq 12
[    2.509249] mousedev: PS/2 mouse device common for all mice
[    2.510982] input: AT Translated Set 2 keyboard as /devices/platform/i8042/serio0/input/input2
[    2.519180] rtc_cmos rtc_cmos: rtc core: registered rtc_cmos as rtc0
[    2.521509] rtc_cmos rtc_cmos: alarms up to one day, 114 bytes nvram
[    2.533613] i2c /dev entries driver
[    2.554023] device-mapper: uevent: version 1.0.3
[    2.555195] device-mapper: ioctl: 4.37.0-ioctl (2017-09-20) initialised: dm-devel@redhat.com
[    2.599830] ledtrig-cpu: registered to indicate activity on CPUs
[    2.602904] NET: Registered protocol family 10
[    2.621209] Segment Routing with IPv6
[    2.627705] NET: Registered protocol family 17
[    2.642633] Key type dns_resolver registered
[    2.643731] RAS: Correctable Errors collector initialized.
[    2.644918] sched_clock: Marking stable (2644892411, 0)->(4690307117, -2045414706)
[    2.648275] registered taskstats version 1
[    2.649967] Loading compiled-in X.509 certificates
[    2.654765] Loaded X.509 cert 'Build time autogenerated kernel key: 1cc14bc8298a06d551159822c55fa35abd77a621'
[    2.672948] zswap: loaded using pool lzo/zbud
[    2.683776] Key type big_key registered
[    2.684656] Key type trusted registered
[    2.695116] Key type encrypted registered
[    2.732477] AppArmor: AppArmor sha1 policy hashing enabled
[    2.769011] ima: No TPM chip found, activating TPM-bypass! (rc=-19)
[    2.802489] ima: Allocated hash algorithm: sha1
[    2.803399] evm: HMAC attrs: 0x1
[    2.804243]   Magic number: 11:239:867
[    2.805131] rtc_cmos rtc_cmos: setting system clock to 2019-07-21 03:53:47 UTC (1563681227)
[    2.855869] BIOS EDD facility v0.16 2004-Jun-25, 0 devices found
[    2.909115] EDD information not available.
[    2.912693] Freeing unused kernel image memory: 2408K
[    2.932141] Write protecting the kernel read-only data: 20480k
[    2.943811] Freeing unused kernel image memory: 2008K
[    2.952844] Freeing unused kernel image memory: 1872K
[    2.962738] x86/mm: Checked W+X mappings: passed, no W+X pages found.
[    3.028903] x86/mm: Checking user space page tables
[    3.085893] x86/mm: Checked W+X mappings: passed, no W+X pages found.
Loading, please wait...
starting version 237
[    3.170998] Fusion MPT base driver 3.04.20
[    3.188322] Copyright (c) 1999-2008 LSI Corporation
[    3.223428] Fusion MPT SPI Host driver 3.04.20
[    3.235801] e1000: Intel(R) PRO/1000 Network Driver - version 7.3.21-k8-NAPI
[    3.252933] e1000: Copyright (c) 1999-2006 Intel Corporation.
[    3.263852] mptbase: ioc0: Initiating bringup
[    3.293907] AVX2 version of gcm_enc/dec engaged.
[    3.312634] AES CTR mode by8 optimization enabled
[    3.380309] ioc0: LSI53C1030 A0: Capabilities={Initiator}
[    3.443361] input: ImExPS/2 Generic Explorer Mouse as /devices/platform/i8042/serio1/input/input4
[    3.664104] scsi host2: ioc0: LSI53C1030 A0, FwRev=00000000h, Ports=1, MaxQ=256, IRQ=20
[    3.865024] scsi 2:0:0:0: Direct-Access     VBOX     HARDDISK         1.0  PQ: 0 ANSI: 5
[    3.940253] scsi target2:0:0: Beginning Domain Validation
[    4.001270] scsi target2:0:0: Domain Validation skipping write tests
[    4.013326] scsi target2:0:0: Ending Domain Validation
[    4.016556] scsi target2:0:0: asynchronous
[    4.019329] scsi 2:0:1:0: Direct-Access     VBOX     HARDDISK         1.0  PQ: 0 ANSI: 5
[    4.291671] scsi target2:0:1: Beginning Domain Validation
[    4.305843] random: fast init done
[    4.313738] scsi target2:0:1: Domain Validation skipping write tests
[    4.315154] scsi target2:0:1: Ending Domain Validation
[    4.326033] scsi target2:0:1: asynchronous
[    4.330847] random: systemd-udevd: uninitialized urandom read (16 bytes read)
[    4.330864] random: systemd-udevd: uninitialized urandom read (16 bytes read)
[    4.330866] random: systemd-udevd: uninitialized urandom read (16 bytes read)
[    4.331038] e1000 0000:00:03.0 eth0: (PCI:33MHz:32-bit) 02:8e:15:2e:ea:07
[    4.331042] e1000 0000:00:03.0 eth0: Intel(R) PRO/1000 Network Connection
[    4.373429] e1000 0000:00:03.0 enp0s3: renamed from eth0
[    4.383437] sd 2:0:0:0: [sda] 20971520 512-byte logical blocks: (10.7 GB/10.0 GiB)
[    4.384907] sd 2:0:0:0: [sda] Write Protect is off
[    4.388078] sd 2:0:0:0: Attached scsi generic sg0 type 0
[    4.388496] sd 2:0:1:0: Attached scsi generic sg1 type 0
[    4.397941] sd 2:0:1:0: [sdb] 20480 512-byte logical blocks: (10.5 MB/10.0 MiB)
[    4.397956] sd 2:0:0:0: [sda] Incomplete mode parameter data
[    4.397957] sd 2:0:0:0: [sda] Assuming drive cache: write through
[    4.415176] sd 2:0:1:0: [sdb] Write Protect is off
[    4.417661] sd 2:0:1:0: [sdb] Incomplete mode parameter data
[    4.420707] sd 2:0:1:0: [sdb] Assuming drive cache: write through
[    4.445038]  sda: sda1
[    4.445828] sd 2:0:1:0: [sdb] Attached SCSI disk
[    4.449201] sd 2:0:0:0: [sda] Attached SCSI disk
Begin: Loading essential drivers ... [    5.984066] raid6: sse2x1   gen()  6712 MB/s
[    6.032066] raid6: sse2x1   xor()  5010 MB/s
[    6.104057] raid6: sse2x2   gen() 10756 MB/s
[    6.156089] raid6: sse2x2   xor()  7487 MB/s
[    6.208056] raid6: sse2x4   gen() 12358 MB/s
[    6.264096] raid6: sse2x4   xor()  7682 MB/s
[    6.316036] raid6: avx2x1   gen() 17856 MB/s
[    6.372026] raid6: avx2x1   xor() 12561 MB/s
[    6.424074] raid6: avx2x2   gen() 20969 MB/s
[    6.472101] raid6: avx2x2   xor() 13026 MB/s
[    6.528059] raid6: avx2x4   gen() 24874 MB/s
[    6.588052] raid6: avx2x4   xor() 15131 MB/s
[    6.597751] raid6: using algorithm avx2x4 gen() 24874 MB/s
[    6.598851] raid6: .... xor() 15131 MB/s, rmw enabled
[    6.611988] raid6: using avx2x2 recovery algorithm
[    6.622395] xor: automatically using best checksumming function   avx       
[    6.635404] async_tx: api initialized (async)
done.
Begin: Running /scripts/init-premount ... done.
Begin: Mounting root file system ... Begin: Running /scripts/local-top ... done.
Begin: Running /scripts/local-premount ... [    6.694927] Btrfs loaded, crc32c=crc32c-intel
Scanning for Btrfs filesystems
done.
Warning: fsck not present, so skipping root file system
[    6.737521] EXT4-fs (sda1): mounted filesystem with ordered data mode. Opts: (null)
done.
Begin: Running /scripts/local-bottom ... done.
Begin: Running /scripts/init-bottom ... done.
[    6.966781] ip_tables: (C) 2000-2006 Netfilter Core Team
[    6.977042] systemd[1]: systemd 237 running in system mode. (+PAM +AUDIT +SELINUX +IMA +APPARMOR +SMACK +SYSVINIT +UTMP +LIBCRYPTSETUP +GCRYPT +GNUTLS +ACL +XZ +LZ4 +SECCOMP +BLKID +ELFUTILS +KMOD -IDN2 +IDN -PCRE2 default-hierarchy=hybrid)
[    7.013944] systemd[1]: Detected virtualization oracle.
[    7.015014] systemd[1]: Detected architecture x86-64.

Welcome to [1mUbuntu 18.04.2 LTS[0m!

[    7.021341] systemd[1]: Set hostname to <ubuntu-bionic>.
[    7.498054] systemd[1]: Reached target System Time Synchronized.
[[0;32m  OK  [0m] Reached target System Time Synchronized.
[    7.512853] systemd[1]: Reached target Swap.
[[0;32m  OK  [0m] Reached target Swap.
[    7.531893] systemd[1]: Started Forward Password Requests to Wall Directory Watch.
[[0;32m  OK  [0m] Started Forward Password Requests to Wall Directory Watch.
[    7.608493] systemd[1]: Set up automount Arbitrary Executable File Formats File System Automount Point.
[[0;32m  OK  [0m] Set up automount Arbitrary Executab…rmats File System Automount Point.
[    7.712210] systemd[1]: Reached target User and Group Name Lookups.
[[0;32m  OK  [0m] Reached target User and Group Name Lookups.
[    7.716363] systemd[1]: Created slice User and Session Slice.
[[0;32m  OK  [0m] Created slice User and Session Slice.
[[0;32m  OK  [0m] Created slice System Slice.
[[0;32m  OK  [0m] Listening on LVM2 metadata daemon socket.
[[0;32m  OK  [0m] Listening on LVM2 poll daemon socket.
[[0;32m  OK  [0m] Listening on /dev/initctl Compatibility Named Pipe.
[[0;32m  OK  [0m] Listening on Journal Socket (/dev/log).
[[0;32m  OK  [0m] Listening on Device-mapper event daemon FIFOs.
[[0;32m  OK  [0m] Listening on Network Service Netlink Socket.
[[0;32m  OK  [0m] Listening on Syslog Socket.
[[0;32m  OK  [0m] Created slice system-serial\x2dgetty.slice.
[[0;32m  OK  [0m] Listening on udev Kernel Socket.
[[0;32m  OK  [0m] Listening on udev Control Socket.
[[0;32m  OK  [0m] Listening on Journal Socket.
         Starting Remount Root and Kernel File Systems...
[    7.975509] EXT4-fs (sda1): re-mounted. Opts: (null)
         Starting Uncomplicated firewall...
         Starting Monitoring of LVM2 mirrors…ng dmeventd or progress polling...
         Starting Set the console keyboard layout...
         Mounting Huge Pages File System...
         Mounting POSIX Message Queue File System...
         Starting udev Coldplug all Devices...
         Starting Load Kernel Modules...
         Mounting Kernel Debug File System...
         Starting Create list of required st…ce nodes for the current kernel...
[[0;32m  OK  [0m] Reached target Slices.
[[0;32m  OK  [0m] Listening on Journal Audit S[    8.077093] Loading iSCSI transport class v2.0-870.
ocket.
         Starting Journal Servic[    8.087975] iscsi: registered transport (tcp)
e...
[[0;32m  OK  [0m] Started Remount Root and Kernel File Systems.
[[0;32m  OK  [0m] Started Uncomplicated firewall.
[[0;32m  OK  [0m] Mounted Huge[    8.125464] iscsi: registered transport (iser)
 Pages File System.
[[0;32m  OK  [0m] Mounted POSIX Message Queue File System.
[[0;32m  OK  [0m] Started Load Kernel Modules.
[[0;32m  OK  [0m] Mounted Kernel Debug File System.
[[0;32m  OK  [0m] Started Create list of required sta…vice nodes for the current kernel.
[[0;32m  OK  [0m] Started LVM2 metadata daemon.
         Starting Create Static Device Nodes in /dev...
         Mounting Kernel Configuration File System...
         Mounting FUSE Control File System...
         Starting Apply Kernel Variables...
         Starting Load/Save Random Seed...
[[0;32m  OK  [0m] Started Journal Service.
[[0;32m  OK  [0m] Started Monitoring of LVM2 mirrors,…sing dmeventd or progress polling.
[[0;32m  OK  [0m] Started udev Coldplug all Devices.
[[0;32m  OK  [0m] Started Create Static Device Nodes in /dev.
[[0;32m  OK  [0m] Started Set the console keyboard layout.
[[0;32m  OK  [0m] Mounted Kernel Configuration File System.
[[0;32m  OK  [0m] Mounted FUSE Control File System.
[[0;32m  OK  [0m] Started Apply Kernel Variables.
[[0;32m  OK  [0m] Started Load/Save Random Seed.
         Starting udev Kernel Device Manager...
[[0;32m  OK  [0m] Reached target Local File Systems (Pre).
[[0;32m  OK  [0m] Reached target Local File Systems.
         Starting AppArmor initialization...
         Starting Set console font and keymap...
         Starting Tell Plymouth To Write Out Runtime Data...
         Starting ebtables ruleset management...
         Starting Flush Journal to Persistent Storage...
[[0;32m  OK  [0m] Started udev Kernel Device Manager.
[[0;32m  OK  [0m] Started Set console font and keymap.
[[0;32m  OK  [0m] Started Tell Plymouth To Write Out Runtime Data.
[[0;32m  OK  [0m] Started Dispatch Password Requests to Console Directory Watch.
[[0;32m  OK  [0m] Reached target Local Encrypted Volumes.
[[0;32m  OK  [0m] Started ebtables ruleset management.
[[0;32m  OK  [0m] Started Flush Journal to Persistent Storage.
         Starting Create Volatile Files and Directories...
[[0;32m  OK  [0m] Started Create Volatile Files and Directories.
         Starting Update UTMP about System Boot/Shutdown...
[[0;32m  OK  [0m] Found device /dev/ttyS0.
[[0;32m  OK  [0m] Started Update UTMP about System Boot/Shutdown.
[[0;32m  OK  [0m] Started AppArmor initialization.
         Starting Initial cloud-init job (pre-networking)...
[[0;32m  OK  [0m] Listening on Load/Save RF Kill Switch Status /dev/rfkill Watch.
[   10.135768] cloud-init[529]: Cloud-init v. 19.1-1-gbaa47854-0ubuntu1~18.04.1 running 'init-local' at Sun, 21 Jul 2019 03:53:54 +0000. Up 9.92 seconds.
[[0;32m  OK  [0m] Started Initial cloud-init job (pre-networking).
[[0;32m  OK  [0m] Reached target Network (Pre).
         Starting Network Service...
[[0;32m  OK  [0m] Started Network Service.
         Starting Network Name Resolution...
         Starting Wait for Network to be Configured...
[[0;32m  OK  [0m] Started Network Name Resolution.
[[0;32m  OK  [0m] Reached target Network.
[[0;32m  OK  [0m] Reached target Host and Network Name Lookups.
[[0;32m  OK  [0m] Started Wait for Network to be Configured.
         Starting Initial cloud-init job (metadata service crawler)...
[   12.862431] cloud-init[656]: Cloud-init v. 19.1-1-gbaa47854-0ubuntu1~18.04.1 running 'init' at Sun, 21 Jul 2019 03:53:57 +0000. Up 12.66 seconds.
[   12.885876] cloud-init[656]: ci-info: ++++++++++++++++++++++++++++++++++++++Net device info++++++++++++++++++++++++++++++++++++++
[   12.899525] cloud-init[656]: ci-info: +--------+------+----------------------------+---------------+--------+-------------------+
[   12.903267] cloud-init[656]: ci-info: | Device |  Up  |          Address           |      Mask     | Scope  |     Hw-Address    |
[   12.932256] cloud-init[656]: ci-info: +--------+------+----------------------------+---------------+--------+-------------------+
[   12.961689] cloud-init[656]: ci-info: | enp0s3 | True |         10.0.2.15          | 255.255.255.0 | global | 02:8e:15:2e:ea:07 |
[   12.975038] cloud-init[656]: ci-info: | enp0s3 | True | fe80::8e:15ff:fe2e:ea07/64 |       .       |  link  | 02:8e:15:2e:ea:07 |
[   12.976736] cloud-init[656]: ci-info: |   lo   | True |         127.0.0.1          |   255.0.0.0   |  host  |         .         |
[   12.983838] cloud-init[656]: ci-info: |   lo   | True |          ::1/128           |       .       |  host  |         .         |
[   13.009939] cloud-init[656]: ci-info: +--------+------+----------------------------+---------------+--------+-------------------+
[   13.012498] cloud-init[656]: ci-info: ++++++++++++++++++++++++++++Route IPv4 info+++++++++++++++++++++++++++++
[   13.068875] cloud-init[656]: ci-info: +-------+-------------+----------+-----------------+-----------+-------+
[   13.104314] cloud-init[656]: ci-info: | Route | Destination | Gateway  |     Genmask     | Interface | Flags |
[   13.113002] cloud-init[656]: ci-info: +-------+-------------+----------+-----------------+-----------+-------+
[   13.117532] cloud-init[656]: ci-info: |   0   |   0.0.0.0   | 10.0.2.2 |     0.0.0.0     |   enp0s3  |   UG  |
[   13.123269] cloud-init[656]: ci-info: |   1   |   10.0.2.0  | 0.0.0.0  |  255.255.255.0  |   enp0s3  |   U   |
[   13.131245] cloud-init[656]: ci-info: |   2   |   10.0.2.2  | 0.0.0.0  | 255.255.255.255 |   enp0s3  |   UH  |
[   13.137812] cloud-init[656]: ci-info: +-------+-------------+----------+-----------------+-----------+-------+
[   13.142590] cloud-init[656]: ci-info: +++++++++++++++++++Route IPv6 info+++++++++++++++++++
[   13.161834] cloud-init[656]: ci-info: +-------+-------------+---------+-----------+-------+
[[   13.184349] cloud-init[656]: ci-info: | Route | Destination | Gateway | Interface | Flags |
[   13.184802] cloud-init[656]: ci-info: +-------+-------------+---------+-----------+-------+
[   13.185216] cloud-init[656]: ci-info: |   1   |  fe80::/64  |    ::   |   enp0s3  |   U   |
[   13.185716] cloud-init[656]: ci-info: |   3   |    local    |    ::   |   enp0s3  |   U   |
[0;32m  OK  [0m] Started Initial cloud-init job (metadata service crawler).
[   13.186110] cloud-init[656]: ci-info: |   4   |   ff00::/8  |    ::   |   enp0s3  |   U   |
[[   13.236364] cloud-init[656]: ci-info: +-------+-------------+---------+-----------+-------+
[0;32m  OK  [0m] Reached target Network is Online.
         Starting Availability of block devices...
[[0;32m  OK  [0m] Reached target Remote File Systems (Pre).
[[0;32m  OK  [0m] Reached target Remote File Systems.
[[0;32m  OK  [0m] Reached target System Initialization.
         Starting LXD - unix socket.
[[0;32m  OK  [0m] Started Discard unused blocks once a week.
[[0;32m  OK  [0m] Started ACPI Events Check.
[[0;32m  OK  [0m] Reached target Paths.
[[0;32m  OK  [0m] Started Daily Cleanup of Temporary Directories.
[[0;32m  OK  [0m] Started Daily apt download activities.
[[0;32m  OK  [0m] Started Daily apt upgrade and clean activities.
         Starting Socket activation for snappy daemon.
[[0;32m  OK  [0m] Listening on ACPID Listen Socket.
         Starting Docker Socket for the API.
[[0;32m  OK  [0m] Listening on Open-iSCSI iscsid Socket.
[[0;32m  OK  [0m] Listening on D-Bus System Message Bus Socket.
[[0;32m  OK  [0m] Listening on UUID daemon activation socket.
[[0;32m  OK  [0m] Started Message of the Day.
[[0;32m  OK  [0m] Reached target Timers.
[[0;32m  OK  [0m] Reached target Cloud-config availability.
[[0;32m  OK  [0m] Started Availability of block devices.
[[0;32m  OK  [0m] Listening on LXD - unix socket.
[[0;32m  OK  [0m] Listening on Socket activation for snappy daemon.
[[0;32m  OK  [0m] Listening on Docker Socket for the API.
[[0;32m  OK  [0m] Reached target Sockets.
[[0;32m  OK  [0m] Reached target Basic System.
[[0;32m  OK  [0m] Started FUSE filesystem for LXC.
         Starting LSB: automatic crash report generation...
[[0;32m  OK  [0m] Started Deferred execution scheduler.
[[0;32m  OK  [0m] Started D-Bus System Message Bus.
         Starting containerd container runtime...
         Starting A high performance web server and a reverse proxy server...
[[0;32m  OK  [0m] Started Regular background program processing daemon.
[[0;32m  OK  [0m] Started irqbalance daemon.
         Starting Accounts Service...
         Starting Login Service...
         Starting System Logging Service...
         Starting LSB: Record successful boot for GRUB...
         Starting OpenBSD Secure Shell server...
         Starting Dispatcher daemon for systemd-networkd...
         Starting Permit User Sessions...
         Starting Snappy daemon...
         Starting LXD - container startup/shutdown...
         Starting Virtualbox guest utils...
[[0;32m  OK  [0m] Started System Logging Service.
[[0;32m  OK  [0m] Started containerd container runtime.
[[0;32m  OK  [0m] Started Permit User Sessions.
[[0;32m  OK  [0m] Started Login Service.
[[0;32m  OK  [0m] Started OpenBSD Secure Shell server.
[[0;32m  OK  [0m] Started A high performance web server and a reverse proxy server.
         Starting Authorization Manager...
[[0;32m  OK  [0m] Started Unattended Upgrades Shutdown.
         Starting Hold until boot process finishes up...
         Starting Terminate Plymouth Boot Screen...
         Starting Docker Application Container Engine...
[[0;32m  OK  [0m] Started Hold until boot process finishes up.
[[0;32m  OK  [0m] Started Serial Getty on ttyS0.
         Starting Set console scheme...
[[0;32m  OK  [0m] Started Terminate Plymouth Boot Screen.
[[0;32m  OK  [0m] Started LSB: automatic crash report generation.
[[0;32m  OK  [0m] Started Set console scheme.
[[0;32m  OK  [0m] Started Authorization Manager.
[[0;32m  OK  [0m] Started Accounts Service.
[[0;32m  OK  [0m] Created slice system-getty.slice.
[[0;32m  OK  [0m] Started Getty on tty1.
[[0;32m  OK  [0m] Reached target Login Prompts.
[[0;32m  OK  [0m] Started LSB: Record successful boot for GRUB.
[[0;32m  OK  [0m] Started LXD - container startup/shutdown.
[[0;32m  OK  [0m] Started Virtualbox guest utils.
[[0;32m  OK  [0m] Started Snappy daemon.
         Starting Wait until snapd is fully seeded...
[[0;32m  OK  [0m] Started Dispatcher daemon for systemd-networkd.
[[0;32m  OK  [0m] Started Wait until snapd is fully seeded.
         Starting Apply the settings specified in cloud-config...
[   16.148555] cloud-init[1180]: Cloud-init v. 19.1-1-gbaa47854-0ubuntu1~18.04.1 running 'modules:config' at Sun, 21 Jul 2019 03:54:00 +0000. Up 16.00 seconds.
[[0;32m  OK  [0m] Started Apply the settings specified in cloud-config.
[[0;32m  OK  [0m] Started Docker Application Container Engine.
[[0;32m  OK  [0m] Reached target Multi-User System.
[[0;32m  OK  [0m] Reached target Graphical Interface.
         Starting Update UTMP about System Runlevel Changes...
         Starting Execute cloud user/final scripts...
[[0;32m  OK  [0m] Started Update UTMP about System Runlevel Changes.
[   18.824742] cloud-init[1537]: Cloud-init v. 19.1-1-gbaa47854-0ubuntu1~18.04.1 running 'modules:final' at Sun, 21 Jul 2019 03:54:03 +0000. Up 18.69 seconds.
[[0;32m  OK  [0m] Started Execute cloud user/final scripts.
[   18.931810] cloud-init[1537]: Cloud-init v. 19.1-1-gbaa47854-0ubuntu1~18.04.1 finished at Sun, 21 Jul 2019 03:54:03 +0000. Datasource DataSourceNoCloud [seed=/dev/sdb][dsmode=net].  Up 18.81 seconds
[[0;32m  OK  [0m] Reached target Cloud-init target.

Ubuntu 18.04.2 LTS ubuntu-bionic ttyS0

ubuntu-bionic login: 